% Finesse pre-2.1.0 (pre-2.1.0-177-g0bde7a5), 29.10.2015
% 2D plot, y1axis: Abs , y2axis: Phase [Deg] 
% f [Hz] (sweptEOAM), am_trans Abs , am_trans Phase [Deg] , am_in Abs , am_in Phase [Deg] 

 1.00000000000000  1.48456115665379e-08  89.9998024855411  0.00000000000000  0.00000000000000 
 1.01624869287069  1.50868329219326e-08  89.9997993223697  0.00000000000000  0.00000000000000 
 1.03276140576138  1.53319743221719e-08  89.9997961066451  0.00000000000000  0.00000000000000 
 1.04954242865230  1.55810989458846e-08  89.9997928377358  0.00000000000000  0.00000000000000 
 1.06659612123022  1.58342714288675e-08  89.9997895779718  0.00000000000000  0.00000000000000 
 1.08392691402116  1.60915577877574e-08  89.9997860584841  0.00000000000000  0.00000000000000 
 1.10153930954136  1.63530243445021e-08  89.9997825655383  0.00000000000000  0.00000000000000 
 1.11943788346709  1.66187396414954e-08  89.9997791373128  0.00000000000000  0.00000000000000 
 1.13762728582336  1.68887722211319e-08  89.9997753299242  0.00000000000000  0.00000000000000 
 1.15611224219201  1.71631927005342e-08  89.9997716573201  0.00000000000000  0.00000000000000 
 1.17489755493943  1.74420723560206e-08  89.9997680598736  0.00000000000000  0.00000000000000 
 1.19398810446416  1.77254833659659e-08  89.9997642152909  0.00000000000000  0.00000000000000 
 1.21338885046486  1.80134992826451e-08  89.9997604425885  0.00000000000000  0.00000000000000 
 1.23310483322878  1.83061951501960e-08  89.9997565386142  0.00000000000000  0.00000000000000 
 1.25314117494127  1.86036468939957e-08  89.9997525696179  0.00000000000000  0.00000000000000 
 1.27350308101650  1.89059317578109e-08  89.9997486557212  0.00000000000000  0.00000000000000 
 1.29419584144981  1.92131285466601e-08  89.9997445655322  0.00000000000000  0.00000000000000 
 1.31522483219205  1.95253169676174e-08  89.9997404056918  0.00000000000000  0.00000000000000 
 1.33659551654624  1.98425775118524e-08  89.9997359658039  0.00000000000000  0.00000000000000 
 1.35831344658694  2.01649936750748e-08  89.9997317293358  0.00000000000000  0.00000000000000 
 1.38038426460266  2.04926485158451e-08  89.9997273781529  0.00000000000000  0.00000000000000 
 1.40281370456171  2.08256270980635e-08  89.9997230581042  0.00000000000000  0.00000000000000 
 1.42560759360193  2.11640160885152e-08  89.9997185091397  0.00000000000000  0.00000000000000 
 1.44877185354448  2.15079039650361e-08  89.9997139476970  0.00000000000000  0.00000000000000 
 1.47231250243242  2.18573790736234e-08  89.9997094062662  0.00000000000000  0.00000000000000 
 1.49623565609412  2.22125330978825e-08  89.9997047408860  0.00000000000000  0.00000000000000 
 1.52054752973217  2.25734573883522e-08  89.9996996627338  0.00000000000000  0.00000000000000 
 1.54525443953807  2.29402469246108e-08  89.9996949437747  0.00000000000000  0.00000000000000 
 1.57036280433319  2.33129958535721e-08  89.9996899579383  0.00000000000000  0.00000000000000 
 1.59587914723635  2.36918017638395e-08  89.9996849389362  0.00000000000000  0.00000000000000 
 1.62181009735853  2.40767624105504e-08  89.9996798335631  0.00000000000000  0.00000000000000 
 1.64816239152508  2.44679783174607e-08  89.9996747404523  0.00000000000000  0.00000000000000 
 1.67494287602599  2.48655506467057e-08  89.9996692525021  0.00000000000000  0.00000000000000 
 1.70215850839448  2.52695835441426e-08  89.9996638678377  0.00000000000000  0.00000000000000 
 1.72981635921461  2.56801814054309e-08  89.9996584283499  0.00000000000000  0.00000000000000 
 1.75792361395818  2.60974509993310e-08  89.9996528697896  0.00000000000000  0.00000000000000 
 1.78648757485152  2.65215002325819e-08  89.9996473401954  0.00000000000000  0.00000000000000 
 1.81551566277258  2.69524399401369e-08  89.9996414750762  0.00000000000000  0.00000000000000 
 1.84501541917889  2.73903820324758e-08  89.9996356862739  0.00000000000000  0.00000000000000 
 1.87499450806681  2.78354399119419e-08  89.9996298832243  0.00000000000000  0.00000000000000 
 1.90546071796261  2.82877290903029e-08  89.9996238265606  0.00000000000000  0.00000000000000 
 1.93642196394595  2.87473675634488e-08  89.9996177919733  0.00000000000000  0.00000000000000 
 1.96788628970616  2.92144751591396e-08  89.9996114290413  0.00000000000000  0.00000000000000 
 1.99986186963203  2.96891720451386e-08  89.9996051597223  0.00000000000000  0.00000000000000 
 2.03235701093548  3.01715824207086e-08  89.9995987883251  0.00000000000000  0.00000000000000 
 2.06538015580976  3.06618309500177e-08  89.9995922450948  0.00000000000000  0.00000000000000 
 2.09893988362272  3.11600456903531e-08  89.9995855240497  0.00000000000000  0.00000000000000 
 2.13304491314574  3.16663557190182e-08  89.9995788773471  0.00000000000000  0.00000000000000 
 2.16770410481883  3.21808925835650e-08  89.9995720210071  0.00000000000000  0.00000000000000 
 2.20292646305256  3.27037900589289e-08  89.9995649885939  0.00000000000000  0.00000000000000 
 2.23872113856741  3.32351839045684e-08  89.9995579794521  0.00000000000000  0.00000000000000 
 2.27509743077111  3.37752120032450e-08  89.9995508480536  0.00000000000000  0.00000000000000 
 2.31206479017459  3.43240153116504e-08  89.9995434192041  0.00000000000000  0.00000000000000 
 2.34963282084727  3.48817354248519e-08  89.9995361005293  0.00000000000000  0.00000000000000 
 2.38781128291210  3.54485180249285e-08  89.9995285662377  0.00000000000000  0.00000000000000 
 2.42661009508131  3.60245103968422e-08  89.9995208479466  0.00000000000000  0.00000000000000 
 2.46603933723319  3.66098614770111e-08  89.9995131304713  0.00000000000000  0.00000000000000 
 2.50610925303093  3.72047237753851e-08  89.9995052626704  0.00000000000000  0.00000000000000 
 2.54683025258381  3.78092522582824e-08  89.9994971479144  0.00000000000000  0.00000000000000 
 2.58821291515182  3.84236028079532e-08  89.9994890789598  0.00000000000000  0.00000000000000 
 2.63026799189407  3.90479362471439e-08  89.9994806584266  0.00000000000000  0.00000000000000 
 2.67300640866195  3.96824141757527e-08  89.9994722457915  0.00000000000000  0.00000000000000 
 2.71643926883768  4.03272015798615e-08  89.9994635916683  0.00000000000000  0.00000000000000 
 2.76057785621890  4.09824659019178e-08  89.9994549599510  0.00000000000000  0.00000000000000 
 2.80543363795022  4.16483772350300e-08  89.9994460302183  0.00000000000000  0.00000000000000 
 2.85101826750237  4.23251093846106e-08  89.9994371437838  0.00000000000000  0.00000000000000 
 2.89734358769973  4.30128368985386e-08  89.9994279090244  0.00000000000000  0.00000000000000 
 2.94442163379712  4.37117390917078e-08  89.9994187087246  0.00000000000000  0.00000000000000 
 2.99226463660650  4.44219979366133e-08  89.9994092306635  0.00000000000000  0.00000000000000 
 3.04088502567453  4.51437972029200e-08  89.9993996791879  0.00000000000000  0.00000000000000 
 3.09029543251179  4.58773249415934e-08  89.9993898584057  0.00000000000000  0.00000000000000 
 3.14050869387436  4.66227713754701e-08  89.9993799039578  0.00000000000000  0.00000000000000 
 3.19153785509885  4.73803306825568e-08  89.9993698878387  0.00000000000000  0.00000000000000 
 3.24339617349152  4.81501988866083e-08  89.9993596197995  0.00000000000000  0.00000000000000 
 3.29609712177255  4.89325767575794e-08  89.9993492775376  0.00000000000000  0.00000000000000 
 3.34965439157619  4.97276670499517e-08  89.9993387051649  0.00000000000000  0.00000000000000 
 3.40408189700786  5.05356767717474e-08  89.9993279213240  0.00000000000000  0.00000000000000 
 3.45939377825900  5.13568154289902e-08  89.9993169478888  0.00000000000000  0.00000000000000 
 3.51560440528070  5.21912965036886e-08  89.9993059477579  0.00000000000000  0.00000000000000 
 3.57272838151694  5.30393370166917e-08  89.9992946457285  0.00000000000000  0.00000000000000 
 3.63078054769860  5.39011570142020e-08  89.9992831652371  0.00000000000000  0.00000000000000 
 3.68977598569902  5.47769801506480e-08  89.9992715227166  0.00000000000000  0.00000000000000 
 3.74973002245228  5.56670344797181e-08  89.9992596590724  0.00000000000000  0.00000000000000 
 3.81065823393510  5.65715509486175e-08  89.9992476442036  0.00000000000000  0.00000000000000 
 3.87257644921347  5.74907648621792e-08  89.9992353859342  0.00000000000000  0.00000000000000 
 3.93550075455499  5.84249148489637e-08  89.9992229864328  0.00000000000000  0.00000000000000 
 3.99944749760811  5.93742428890198e-08  89.9992103561312  0.00000000000000  0.00000000000000 
 4.06443329164919  6.03389971449493e-08  89.9991975228729  0.00000000000000  0.00000000000000 
 4.13047501989859  6.13194266814111e-08  89.9991844541250  0.00000000000000  0.00000000000000 
 4.19758983990697  6.23157874117507e-08  89.9991712324853  0.00000000000000  0.00000000000000 
 4.26579518801273  6.33283373518005e-08  89.9991577961820  0.00000000000000  0.00000000000000 
 4.33510878387201  6.43573397215634e-08  89.9991440964015  0.00000000000000  0.00000000000000 
 4.40554863506216  6.54030625982662e-08  89.9991301967164  0.00000000000000  0.00000000000000 
 4.47713304176016  6.64657773412345e-08  89.9991160429006  0.00000000000000  0.00000000000000 
 4.54988060149693  6.75457590498560e-08  89.9991016840974  0.00000000000000  0.00000000000000 
 4.62381021398895  6.86432892558739e-08  89.9990871127070  0.00000000000000  0.00000000000000 
 4.69894108604840  6.97586528633358e-08  89.9990722317282  0.00000000000000  0.00000000000000 
 4.77529273657306  7.08921399318824e-08  89.9990572089611  0.00000000000000  0.00000000000000 
 4.85288500161725  7.20440445040866e-08  89.9990418525066  0.00000000000000  0.00000000000000 
 4.93173803954530  7.32146662985294e-08  89.9990263151905  0.00000000000000  0.00000000000000 
 5.01187233626855  7.44043088640677e-08  89.9990104596750  0.00000000000000  0.00000000000000 
 5.09330871056767  7.56132816545519e-08  89.9989943821275  0.00000000000000  0.00000000000000 
 5.17606831950128  7.68418984884000e-08  89.9989780356069  0.00000000000000  0.00000000000000 
 5.26017266390256  7.80904788253497e-08  89.9989614156649  0.00000000000000  0.00000000000000 
 5.34564359396509  7.93593471766530e-08  89.9989445451771  0.00000000000000  0.00000000000000 
 5.43250331491959  8.06488326609880e-08  89.9989274241165  0.00000000000000  0.00000000000000 
 5.52077439280271  8.19592704338723e-08  89.9989099907350  0.00000000000000  0.00000000000000 
 5.61047976031971  8.32910019305197e-08  89.9988922798580  0.00000000000000  0.00000000000000 
 5.70164272280235  8.46443719029369e-08  89.9988742884819  0.00000000000000  0.00000000000000 
 5.79428696426356  8.60197322501909e-08  89.9988560099732  0.00000000000000  0.00000000000000 
 5.88843655355050  8.74174403183826e-08  89.9988373826298  0.00000000000000  0.00000000000000 
 5.98411595059767  8.88378594557516e-08  89.9988184943906  0.00000000000000  0.00000000000000 
 6.08135001278151  9.02813587143121e-08  89.9987993101269  0.00000000000000  0.00000000000000 
 6.18016400137835  9.17483126555612e-08  89.9987797608969  0.00000000000000  0.00000000000000 
 6.28058358812722  9.32391027798840e-08  89.9987599637039  0.00000000000000  0.00000000000000 
 6.38263486189938  9.47541163469558e-08  89.9987397919506  0.00000000000000  0.00000000000000 
 6.48634433547612  9.62937471459425e-08  89.9987193694476  0.00000000000000  0.00000000000000 
 6.59173895243680  9.78583946559130e-08  89.9986985449177  0.00000000000000  0.00000000000000 
 6.69884609415869  9.94484653989060e-08  89.9986773794469  0.00000000000000  0.00000000000000 
 6.80769358693068  1.01064373134228e-07  89.9986558884756  0.00000000000000  0.00000000000000 
 6.91830970918246  1.02706536811480e-07  89.9986340496424  0.00000000000000  0.00000000000000 
 7.03072319883126  1.04375383963674e-07  89.9986118720131  0.00000000000000  0.00000000000000 
 7.14496326074788  1.06071347612487e-07  89.9985893636212  0.00000000000000  0.00000000000000 
 7.26105957434412  1.07794868107071e-07  89.9985664379829  0.00000000000000  0.00000000000000 
 7.37904230128340  1.09546393956714e-07  89.9985431167365  0.00000000000000  0.00000000000000 
 7.49894209331676  1.11326379714479e-07  89.9985194671984  0.00000000000000  0.00000000000000 
 7.62079010024613  1.13135287809081e-07  89.9984954036712  0.00000000000000  0.00000000000000 
 7.74461797801701  1.14973588551812e-07  89.9984709402852  0.00000000000000  0.00000000000000 
 7.87045789694261  1.16841758859791e-07  89.9984461088092  0.00000000000000  0.00000000000000 
 7.99834255006170  1.18740284733156e-07  89.9984208547209  0.00000000000000  0.00000000000000 
 8.12830516163220  1.20669658784804e-07  89.9983952029857  0.00000000000000  0.00000000000000 
 8.26037949576279  1.22630383487804e-07  89.9983691416781  0.00000000000000  0.00000000000000 
 8.39459986518476  1.24622966894097e-07  89.9983426431802  0.00000000000000  0.00000000000000 
 8.53100114016646  1.26647927103139e-07  89.9983157059656  0.00000000000000  0.00000000000000 
 8.66961875757250  1.28705790221874e-07  89.9982883259404  0.00000000000000  0.00000000000000 
 8.81048873007025  1.30797091162699e-07  89.9982605023886  0.00000000000000  0.00000000000000 
 8.95364765548581  1.32922373123051e-07  89.9982322324981  0.00000000000000  0.00000000000000 
 9.09913272631215  1.35082187918477e-07  89.9982035060423  0.00000000000000  0.00000000000000 
 9.24698173937161  1.37277096947131e-07  89.9981743335324  0.00000000000000  0.00000000000000 
 9.39723310563551  1.39507670225283e-07  89.9981446416519  0.00000000000000  0.00000000000000 
 9.54992586020324  1.41774487608540e-07  89.9981145362118  0.00000000000000  0.00000000000000 
 9.70509967244351  1.44078137605329e-07  89.9980838986096  0.00000000000000  0.00000000000000 
 9.86279485630045  1.46419219271182e-07  89.9980527589168  0.00000000000000  0.00000000000000 
 10.0230523807671  1.48798339794021e-07  89.9980210912496  0.00000000000000  0.00000000000000 
 10.1859138805290  1.51216118164820e-07  89.9979889510155  0.00000000000000  0.00000000000000 
 10.3514216667810  1.53673182915544e-07  89.9979562663655  0.00000000000000  0.00000000000000 
 10.5196187382195  1.56170171286460e-07  89.9979230700434  0.00000000000000  0.00000000000000 
 10.6905487922135  1.58707732015591e-07  89.9978893275062  0.00000000000000  0.00000000000000 
 10.8642562361573  1.61286525324823e-07  89.9978550365387  0.00000000000000  0.00000000000000 
 11.0407861990070  1.63907220810495e-07  89.9978201686706  0.00000000000000  0.00000000000000 
 11.2201845430056  1.66570498664630e-07  89.9977847491977  0.00000000000000  0.00000000000000 
 11.4024978755974  1.69277051402735e-07  89.9977487426271  0.00000000000000  0.00000000000000 
 11.5877735615366  1.72027582476007e-07  89.9977121528212  0.00000000000000  0.00000000000000 
 11.7760597351931  1.74822805515002e-07  89.9976750026259  0.00000000000000  0.00000000000000 
 11.9674053130571  1.77663447695009e-07  89.9976372138199  0.00000000000000  0.00000000000000 
 12.1618600064480  1.80550246426173e-07  89.9975988033996  0.00000000000000  0.00000000000000 
 12.3594743344291  1.83483952212330e-07  89.9975598318187  0.00000000000000  0.00000000000000 
 12.5602996369323  1.86465326472217e-07  89.9975201766733  0.00000000000000  0.00000000000000 
 12.7643880880967  1.89495144328869e-07  89.9974798821386  0.00000000000000  0.00000000000000 
 12.9717927098224  1.92574192791654e-07  89.9974389261090  0.00000000000000  0.00000000000000 
 13.1825673855465  1.95703271720770e-07  89.9973973051718  0.00000000000000  0.00000000000000 
 13.3967668742414  1.98883193959087e-07  89.9973550134700  0.00000000000000  0.00000000000000 
 13.6144468246412  2.02114785741545e-07  89.9973120259863  0.00000000000000  0.00000000000000 
 13.8356637896991  2.05398887000454e-07  89.9972683574762  0.00000000000000  0.00000000000000 
 14.0604752412800  2.08736350338553e-07  89.9972239805750  0.00000000000000  0.00000000000000 
 14.2889395850914  2.12128043332716e-07  89.9971788701972  0.00000000000000  0.00000000000000 
 14.5211161758574  2.15574846806160e-07  89.9971330343345  0.00000000000000  0.00000000000000 
 14.7570653327384  2.19077656028888e-07  89.9970864369030  0.00000000000000  0.00000000000000 
 14.9968483550028  2.22637381765443e-07  89.9970391028672  0.00000000000000  0.00000000000000 
 15.2405275379515  2.26254948144693e-07  89.9969909948600  0.00000000000000  0.00000000000000 
 15.4881661891029  2.29931295414555e-07  89.9969420802129  0.00000000000000  0.00000000000000 
 15.7398286446398  2.33667378235016e-07  89.9968924064139  0.00000000000000  0.00000000000000 
 15.9955802861238  2.37464167704318e-07  89.9968419401985  0.00000000000000  0.00000000000000 
 16.2554875574814  2.41322649908729e-07  89.9967906097465  0.00000000000000  0.00000000000000 
 16.5196179822662  2.45243827796001e-07  89.9967384584818  0.00000000000000  0.00000000000000 
 16.7880401812012  2.49228719399064e-07  89.9966854542154  0.00000000000000  0.00000000000000 
 17.0608238900063  2.53278360333997e-07  89.9966315977817  0.00000000000000  0.00000000000000 
 17.3380399775159  2.57393802551044e-07  89.9965768672267  0.00000000000000  0.00000000000000 
 17.6197604640902  2.61576115340743e-07  89.9965212523701  0.00000000000000  0.00000000000000 
 17.9060585403263  2.65826385042503e-07  89.9964647313472  0.00000000000000  0.00000000000000 
 18.1970085860726  2.70145716585031e-07  89.9964072747699  0.00000000000000  0.00000000000000 
 18.4926861897529  2.74535231474047e-07  89.9963488882271  0.00000000000000  0.00000000000000 
 18.7931681680042  2.78996070040489e-07  89.9962895847099  0.00000000000000  0.00000000000000 
 19.0985325856333  2.83529391260132e-07  89.9962292906372  0.00000000000000  0.00000000000000 
 19.4088587758981  2.88136373280887e-07  89.9961680345952  0.00000000000000  0.00000000000000 
 19.7242273611182  2.92818212791425e-07  89.9961057472870  0.00000000000000  0.00000000000000 
 20.0447202736206  2.97576125839894e-07  89.9960424776070  0.00000000000000  0.00000000000000 
 20.3704207770255  3.02411348985850e-07  89.9959781735903  0.00000000000000  0.00000000000000 
 20.7014134878780  3.07325138085904e-07  89.9959128249361  0.00000000000000  0.00000000000000 
 21.0377843976317  3.12318769854991e-07  89.9958463994246  0.00000000000000  0.00000000000000 
 21.3796208949885  3.17393541831649e-07  89.9957789322837  0.00000000000000  0.00000000000000 
 21.7270117886029  3.22550772045017e-07  89.9957103412901  0.00000000000000  0.00000000000000 
 22.0800473301537  3.27791800576003e-07  89.9956406465876  0.00000000000000  0.00000000000000 
 22.4388192377916  3.33117988509578e-07  89.9955698055225  0.00000000000000  0.00000000000000 
 22.8034207199674  3.38530720106608e-07  89.9954978163583  0.00000000000000  0.00000000000000 
 23.1739464996472  3.44031402172434e-07  89.9954246614367  0.00000000000000  0.00000000000000 
 23.5504928389217  3.49621462710723e-07  89.9953503284066  0.00000000000000  0.00000000000000 
 23.9331575640147  3.55302354420685e-07  89.9952747776491  0.00000000000000  0.00000000000000 
 24.3220400906981  3.61075553323145e-07  89.9951979934034  0.00000000000000  0.00000000000000 
 24.7172414501204  3.66942559176893e-07  89.9951199573886  0.00000000000000  0.00000000000000 
 25.1188643150540  3.72904895964394e-07  89.9950406708481  0.00000000000000  0.00000000000000 
 25.5270130265698  3.78964113015929e-07  89.9949600787701  0.00000000000000  0.00000000000000 
 25.9417936211445  3.85121784496047e-07  89.9948782015562  0.00000000000000  0.00000000000000 
 26.3633138582093  3.91379510048972e-07  89.9947949734168  0.00000000000000  0.00000000000000 
 26.7916832481449  3.97738915499343e-07  89.9947103969843  0.00000000000000  0.00000000000000 
 27.2270130807327  4.04201652984111e-07  89.9946244458802  0.00000000000000  0.00000000000000 
 27.6694164540677  4.10769401459052e-07  89.9945371055886  0.00000000000000  0.00000000000000 
 28.1190083039410  4.17443867233086e-07  89.9944483401634  0.00000000000000  0.00000000000000 
 28.5759054337000  4.24226784266623e-07  89.9943581345988  0.00000000000000  0.00000000000000 
 29.0402265445940  4.31119914886292e-07  89.9942664546093  0.00000000000000  0.00000000000000 
 29.5120922666123  4.38125049965319e-07  89.9941733024039  0.00000000000000  0.00000000000000 
 29.9916251898239  4.45244009603602e-07  89.9940786245487  0.00000000000000  0.00000000000000 
 30.4789498962261  4.52478642732130e-07  89.9939824036994  0.00000000000000  0.00000000000000 
 30.9741929921109  4.59830829062830e-07  89.9938846273277  0.00000000000000  0.00000000000000 
 31.4774831409571  4.67302478970638e-07  89.9937852601409  0.00000000000000  0.00000000000000 
 31.9889510968568  4.74895533174271e-07  89.9936842816032  0.00000000000000  0.00000000000000 
 32.5087297384850  4.82611964942831e-07  89.9935816512968  0.00000000000000  0.00000000000000 
 33.0369541036218  4.90453778555316e-07  89.9934773684986  0.00000000000000  0.00000000000000 
 33.5737614242346  4.98423011250530e-07  89.9933713848812  0.00000000000000  0.00000000000000 
 34.1192911621307  5.06521733511511e-07  89.9932636768084  0.00000000000000  0.00000000000000 
 34.6736850451897  5.14752049620668e-07  89.9931542222572  0.00000000000000  0.00000000000000 
 35.2370871041839  5.23116097562649e-07  89.9930429837510  0.00000000000000  0.00000000000000 
 35.8096437101975  5.31616050016571e-07  89.9929299432349  0.00000000000000  0.00000000000000 
 36.3915036126532  5.40254116069975e-07  89.9928150595373  0.00000000000000  0.00000000000000 
 36.9828179779577  5.49032539310569e-07  89.9926983200417  0.00000000000000  0.00000000000000 
 37.5837404287741  5.57953600463087e-07  89.9925796778178  0.00000000000000  0.00000000000000 
 38.1944270839328  5.67019617021466e-07  89.9924591004305  0.00000000000000  0.00000000000000 
 38.8150365989915  5.76232944303554e-07  89.9923365766167  0.00000000000000  0.00000000000000 
 39.4457302074530  5.85595976596109e-07  89.9922120499702  0.00000000000000  0.00000000000000 
 40.0866717626539  5.95111145732211e-07  89.9920855102777  0.00000000000000  0.00000000000000 
 40.7380277803333  6.04780923790610e-07  89.9919569078686  0.00000000000000  0.00000000000000 
 41.3999674818935  6.14607823040123e-07  89.9918262163475  0.00000000000000  0.00000000000000 
 42.0726628383632  6.24594396765401e-07  89.9916934108638  0.00000000000000  0.00000000000000 
 42.7562886150757  6.34743239128192e-07  89.9915584388973  0.00000000000000  0.00000000000000 
 43.4510224170726  6.45056987006075e-07  89.9914212728383  0.00000000000000  0.00000000000000 
 44.1570447352449  6.55538319638628e-07  89.9912818736855  0.00000000000000  0.00000000000000 
 44.8745389932251  6.66189960598034e-07  89.9911402185172  0.00000000000000  0.00000000000000 
 45.6036915950397  6.77014676637295e-07  89.9909962611066  0.00000000000000  0.00000000000000 
 46.3446919735370  6.88015279986954e-07  89.9908499609507  0.00000000000000  0.00000000000000 
 47.0977326396016  6.99194628931019e-07  89.9907012880516  0.00000000000000  0.00000000000000 
 47.8630092321683  7.10555627168640e-07  89.9905501951046  0.00000000000000  0.00000000000000 
 48.6407205690487  7.22101227470856e-07  89.9903966435115  0.00000000000000  0.00000000000000 
 49.4310686985840  7.33834428231973e-07  89.9902405997899  0.00000000000000  0.00000000000000 
 50.2342589521372  7.45758278389255e-07  89.9900820295423  0.00000000000000  0.00000000000000 
 51.0504999974370  7.57875875480097e-07  89.9899208719036  0.00000000000000  0.00000000000000 
 51.8800038927904  7.70190367598639e-07  89.9897571072851  0.00000000000000  0.00000000000000 
 52.7229861421744  7.82704954124551e-07  89.9895906724241  0.00000000000000  0.00000000000000 
 53.5796657512241  7.95422886042053e-07  89.9894215333744  0.00000000000000  0.00000000000000 
 54.4502652841298  8.08347467959239e-07  89.9892496431175  0.00000000000000  0.00000000000000 
 55.3350109214590  8.21482057587603e-07  89.9890749646287  0.00000000000000  0.00000000000000 
 56.2341325189179  8.34830067122957e-07  89.9888974427589  0.00000000000000  0.00000000000000 
 57.1478636670674  8.48394964050249e-07  89.9887170416287  0.00000000000000  0.00000000000000 
 58.0764417520095  8.62180273246138e-07  89.9885337113784  0.00000000000000  0.00000000000000 
 59.0201080170602  8.76189575320575e-07  89.9883474004181  0.00000000000000  0.00000000000000 
 59.9791076254242  8.90426510204196e-07  89.9881580603799  0.00000000000000  0.00000000000000 
 60.9536897238876  9.04894776731997e-07  89.9879656456157  0.00000000000000  0.00000000000000 
 61.9441075075462  9.19598133850747e-07  89.9877700993581  0.00000000000000  0.00000000000000 
 62.9506182855852  9.34540401291978e-07  89.9875713815596  0.00000000000000  0.00000000000000 
 63.9734835481275  9.49725460966820e-07  89.9873694348884  0.00000000000000  0.00000000000000 
 65.0129690341690  9.65157257645956e-07  89.9871642035056  0.00000000000000  0.00000000000000 
 66.0693448006167  9.80839801353525e-07  89.9869556385357  0.00000000000000  0.00000000000000 
 67.1428852924495  9.96777165493671e-07  89.9867436857591  0.00000000000000  0.00000000000000 
 68.2338694140183  1.01297349091675e-06  89.9865282856311  0.00000000000000  0.00000000000000 
 69.3425806015052  1.02943298584986e-06  89.9863093888688  0.00000000000000  0.00000000000000 
 70.4693068965599  1.04615992572352e-06  89.9860869313800  0.00000000000000  0.00000000000000 
 71.6143410211323  1.06315865646055e-06  89.9858608640109  0.00000000000000  0.00000000000000 
 72.7779804535214  1.08043359464276e-06  89.9856311242252  0.00000000000000  0.00000000000000 
 73.9605275056595  1.09798922734436e-06  89.9853976461134  0.00000000000000  0.00000000000000 
 75.1622894016530  1.11583011672547e-06  89.9851603758422  0.00000000000000  0.00000000000000 
 76.3835783575981  1.13396089693743e-06  89.9849192550462  0.00000000000000  0.00000000000000 
 77.6247116626949  1.15238627848052e-06  89.9846742116044  0.00000000000000  0.00000000000000 
 78.8860117616776  1.17111104875890e-06  89.9844251853585  0.00000000000000  0.00000000000000 
 80.1678063385865  1.19014007199747e-06  89.9841721155064  0.00000000000000  0.00000000000000 
 81.4704284018990  1.20947829185784e-06  89.9839149361065  0.00000000000000  0.00000000000000 
 82.7942163710447  1.22913073221554e-06  89.9836535689726  0.00000000000000  0.00000000000000 
 84.1395141643270  1.24910249915130e-06  89.9833879616155  0.00000000000000  0.00000000000000 
 85.5066712882720  1.26939878116639e-06  89.9831180395627  0.00000000000000  0.00000000000000 
 86.8960429284299  1.29002485113936e-06  89.9828437289851  0.00000000000000  0.00000000000000 
 88.3079900416520  1.31098606771370e-06  89.9825649629121  0.00000000000000  0.00000000000000 
 89.7428794498666  1.33228787688005e-06  89.9822816683598  0.00000000000000  0.00000000000000 
 91.2010839353786  1.35393581229539e-06  89.9819937693831  0.00000000000000  0.00000000000000 
 92.6829823377183  1.37593549841940e-06  89.9817011909160  0.00000000000000  0.00000000000000 
 94.1889596520632  1.39829265093081e-06  89.9814038575419  0.00000000000000  0.00000000000000 
 95.7194071292591  1.42101307724783e-06  89.9811016952233  0.00000000000000  0.00000000000000 
 97.2747223774667  1.44410268094832e-06  89.9807946238798  0.00000000000000  0.00000000000000 
 98.8553094654595  1.46756746092318e-06  89.9804825616242  0.00000000000000  0.00000000000000 
 100.461579027600  1.49141351216745e-06  89.9801654271801  0.00000000000000  0.00000000000000 
 102.093948370524  1.51564703096363e-06  89.9798431408346  0.00000000000000  0.00000000000000 
 103.752841581553  1.54027431240460e-06  89.9795156181138  0.00000000000000  0.00000000000000 
 105.438689638872  1.56530175534798e-06  89.9791827708027  0.00000000000000  0.00000000000000 
 107.151930523502  1.59073586091723e-06  89.9788445219686  0.00000000000000  0.00000000000000 
 108.893009333080  1.61658323769229e-06  89.9785007721001  0.00000000000000  0.00000000000000 
 110.662378397498  1.64285060030758e-06  89.9781514385620  0.00000000000000  0.00000000000000 
 112.460497396419  1.66954477321312e-06  89.9777964311826  0.00000000000000  0.00000000000000 
 114.287833478698  1.69667269143094e-06  89.9774356516840  0.00000000000000  0.00000000000000 
 116.144861383749  1.72424140276153e-06  89.9770690069181  0.00000000000000  0.00000000000000 
 118.032063564882  1.75225806969206e-06  89.9766964081417  0.00000000000000  0.00000000000000 
 119.949930314641  1.78072997063173e-06  89.9763177553337  0.00000000000000  0.00000000000000 
 121.898959892185  1.80966450234025e-06  89.9759329520574  0.00000000000000  0.00000000000000 
 123.879658652729  1.83906918246073e-06  89.9755418922864  0.00000000000000  0.00000000000000 
 125.892541179103  1.86895165009543e-06  89.9751444780929  0.00000000000000  0.00000000000000 
 127.938130415432  1.89931966865085e-06  89.9747406117804  0.00000000000000  0.00000000000000 
 130.016957803002  1.93018112755885e-06  89.9743301781854  0.00000000000000  0.00000000000000 
 132.129563418324  1.96154404494079e-06  89.9739130772738  0.00000000000000  0.00000000000000 
 134.276496113447  1.99341656802428e-06  89.9734891988175  0.00000000000000  0.00000000000000 
 136.458313658546  2.02580697834025e-06  89.9730584354856  0.00000000000000  0.00000000000000 
 138.675582886836  2.05872369036321e-06  89.9726206690409  0.00000000000000  0.00000000000000 
 140.928879841828  2.09217525536214e-06  89.9721757880752  0.00000000000000  0.00000000000000 
 143.218789926987  2.12617036461327e-06  89.9717236826163  0.00000000000000  0.00000000000000 
 145.545908057823  2.16071784953231e-06  89.9712642288328  0.00000000000000  0.00000000000000 
 147.910838816439  2.19582668585133e-06  89.9707973102595  0.00000000000000  0.00000000000000 
 150.314196608613  2.23150599484727e-06  89.9703228039281  0.00000000000000  0.00000000000000 
 152.756605823411  2.26776504550676e-06  89.9698405905342  0.00000000000000  0.00000000000000 
 155.238700995404  2.30461325805149e-06  89.9693505372538  0.00000000000000  0.00000000000000 
 157.761126969523  2.34206020580426e-06  89.9688525260964  0.00000000000000  0.00000000000000 
 160.324539068584  2.38011561741026e-06  89.9683464200855  0.00000000000000  0.00000000000000 
 162.929603263544  2.41878937905696e-06  89.9678320911005  0.00000000000000  0.00000000000000 
 165.576996346516  2.45809153863796e-06  89.9673094025688  0.00000000000000  0.00000000000000 
 168.267406106602  2.49803230679356e-06  89.9667782235478  0.00000000000000  0.00000000000000 
 171.001531508575  2.53862205967988e-06  89.9662384129305  0.00000000000000  0.00000000000000 
 173.780082874475  2.57987134287527e-06  89.9656898324011  0.00000000000000  0.00000000000000 
 176.603782068145  2.62179087222714e-06  89.9651323368636  0.00000000000000  0.00000000000000 
 179.473362682772  2.66439153896589e-06  89.9645657837621  0.00000000000000  0.00000000000000 
 182.389570231474  2.70768441084320e-06  89.9639900231518  0.00000000000000  0.00000000000000 
 185.353162340981  2.75168073444261e-06  89.9634049072617  0.00000000000000  0.00000000000000 
 188.364908948471  2.79639194051574e-06  89.9628102860991  0.00000000000000  0.00000000000000 
 191.425592501590  2.84182964491245e-06  89.9622060017039  0.00000000000000  0.00000000000000 
 194.536008161737  2.88800565205704e-06  89.9615918988686  0.00000000000000  0.00000000000000 
 197.696964010647  2.93493195857769e-06  89.9609678169381  0.00000000000000  0.00000000000000 
 200.909281260323  2.98262075546450e-06  89.9603335949060  0.00000000000000  0.00000000000000 
 204.173794466392  3.03108443246207e-06  89.9596890675228  0.00000000000000  0.00000000000000 
 207.491351744920  3.08033558039412e-06  89.9590340681195  0.00000000000000  0.00000000000000 
 210.862814992747  3.13038699453620e-06  89.9583684241827  0.00000000000000  0.00000000000000 
 214.289060111412  3.18125167809180e-06  89.9576919675742  0.00000000000000  0.00000000000000 
 217.770977234711  3.23294284572521e-06  89.9570045172419  0.00000000000000  0.00000000000000 
 221.309470959947  3.28547392619088e-06  89.9563058960203  0.00000000000000  0.00000000000000 
 224.905460582950  3.33885856769074e-06  89.9555959240817  0.00000000000000  0.00000000000000 
 228.559880336902  3.39311063877659e-06  89.9548744171037  0.00000000000000  0.00000000000000 
 232.273679635058  3.44824423446357e-06  89.9541411851652  0.00000000000000  0.00000000000000 
 236.047823317392  3.50427367813835e-06  89.9533960392019  0.00000000000000  0.00000000000000 
 239.883291901271  3.56121352644464e-06  89.9526387846933  0.00000000000000  0.00000000000000 
 243.781081836184  3.61907857155920e-06  89.9518692280894  0.00000000000000  0.00000000000000 
 247.742205762624  3.67788384706299e-06  89.9510871647202  0.00000000000000  0.00000000000000 
 251.767692775167  3.73764463031375e-06  89.9502923963172  0.00000000000000  0.00000000000000 
 255.858588689832  3.79837644743633e-06  89.9494847129962  0.00000000000000  0.00000000000000 
 260.015956315781  3.86009507575105e-06  89.9486639054109  0.00000000000000  0.00000000000000 
 264.240875731434  3.92281655053962e-06  89.9478297612024  0.00000000000000  0.00000000000000 
 268.534444565076  3.98655716545515e-06  89.9469820625525  0.00000000000000  0.00000000000000 
 272.897778280014  4.05133348102933e-06  89.9461205904980  0.00000000000000  0.00000000000000 
 277.332010464379  4.11716232557521e-06  89.9452451211035  0.00000000000000  0.00000000000000 
 281.838293125625  4.18406080133542e-06  89.9443554264661  0.00000000000000  0.00000000000000 
 286.417796989822  4.25204628864608e-06  89.9434512737847  0.00000000000000  0.00000000000000 
 291.071711805808  4.32113644948262e-06  89.9425324314628  0.00000000000000  0.00000000000000 
 295.801246654286  4.39134923337299e-06  89.9415986593896  0.00000000000000  0.00000000000000 
 300.607630261938  4.46270288119337e-06  89.9406497137577  0.00000000000000  0.00000000000000 
 305.492111320649  4.53521593104584e-06  89.9396853501904  0.00000000000000  0.00000000000000 
 310.455958811916  4.60890722147228e-06  89.9387053155690  0.00000000000000  0.00000000000000 
 315.500462336526  4.68379589727605e-06  89.9377093571650  0.00000000000000  0.00000000000000 
 320.626932449592  4.75990141333955e-06  89.9366972159943  0.00000000000000  0.00000000000000 
 325.836701001036  4.83724354275026e-06  89.9356686290411  0.00000000000000  0.00000000000000 
 331.131121481599  4.91584237806434e-06  89.9346233286897  0.00000000000000  0.00000000000000 
 336.511569374480  4.99571833948846e-06  89.9335610426250  0.00000000000000  0.00000000000000 
 341.979442512679  5.07689217857874e-06  89.9324814960964  0.00000000000000  0.00000000000000 
 347.536161442156  5.15938498359175e-06  89.9313844098577  0.00000000000000  0.00000000000000 
 353.183169790888  5.24321818582805e-06  89.9302694955938  0.00000000000000  0.00000000000000 
 358.921934643915  5.32841356509276e-06  89.9291364674432  0.00000000000000  0.00000000000000 
 364.753946924497  5.41499325508280e-06  89.9279850275767  0.00000000000000  0.00000000000000 
 370.680721781444  5.50297974858368e-06  89.9268148786170  0.00000000000000  0.00000000000000 
 376.703798982756  5.59239590366793e-06  89.9256257165786  0.00000000000000  0.00000000000000 
 382.824743315647  5.68326495134967e-06  89.9244172316951  0.00000000000000  0.00000000000000 
 389.045144993083  5.77561049827780e-06  89.9231891112784  0.00000000000000  0.00000000000000 
 395.366620066908  5.86945653576529e-06  89.9219410355722  0.00000000000000  0.00000000000000 
 401.790810847697  5.96482744432840e-06  89.9206726789417  0.00000000000000  0.00000000000000 
 408.319386331425  6.06174800154233e-06  89.9193837138577  0.00000000000000  0.00000000000000 
 414.954042633072  6.16024338647747e-06  89.9180738051238  0.00000000000000  0.00000000000000 
 421.696503427267  6.26033918753474e-06  89.9167426113264  0.00000000000000  0.00000000000000 
 428.548520396099  6.36206140991983e-06  89.9153897882955  0.00000000000000  0.00000000000000 
 435.511873684203  6.46543647985765e-06  89.9140149840621  0.00000000000000  0.00000000000000 
 442.588372361235  6.57049125407931e-06  89.9126178401429  0.00000000000000  0.00000000000000 
 449.779854891870  6.67725302561756e-06  89.9111979944331  0.00000000000000  0.00000000000000 
 457.088189613430  6.78574952996383e-06  89.9097550789060  0.00000000000000  0.00000000000000 
 464.515275221277  6.89600895447299e-06  89.9082887171506  0.00000000000000  0.00000000000000 
 472.063041262091  7.00805994336061e-06  89.9067985292857  0.00000000000000  0.00000000000000 
 479.733448635161  7.12193160744816e-06  89.9052841278812  0.00000000000000  0.00000000000000 
 487.528490101829  7.23765352982726e-06  89.9037451196315  0.00000000000000  0.00000000000000 
 495.450190803203  7.35525577478568e-06  89.9021811044995  0.00000000000000  0.00000000000000 
 503.500608786288  7.47476889386757e-06  89.9005916761910  0.00000000000000  0.00000000000000 
 511.681835538660  7.59622393693695e-06  89.8989764214490  0.00000000000000  0.00000000000000 
 519.995996531837  7.71965245603839e-06  89.8973349209789  0.00000000000000  0.00000000000000 
 528.445251773471  7.84508651834823e-06  89.8956667484672  0.00000000000000  0.00000000000000 
 537.031796368511  7.97255871004291e-06  89.8939714699014  0.00000000000000  0.00000000000000 
 545.757861089496  8.10210214781319e-06  89.8922486463128  0.00000000000000  0.00000000000000 
 554.625712956102  8.23375048632138e-06  89.8904978286591  0.00000000000000  0.00000000000000 
 563.637655824112  8.36753792673866e-06  89.8887185622632  0.00000000000000  0.00000000000000 
 572.796030983952  8.50349922631108e-06  89.8869103855925  0.00000000000000  0.00000000000000 
 582.103217768959  8.64166970625365e-06  89.8850728281021  0.00000000000000  0.00000000000000 
 591.561634173525  8.78208526304334e-06  89.8832054134097  0.00000000000000  0.00000000000000 
 601.173737481292  8.92478237552320e-06  89.8813076551477  0.00000000000000  0.00000000000000 
 610.942024903550  9.06979811430799e-06  89.8793790609993  0.00000000000000  0.00000000000000 
 620.869034228003  9.21717015449515e-06  89.8774191298520  0.00000000000000  0.00000000000000 
 630.957344478094  9.36693678148450e-06  89.8754273523093  0.00000000000000  0.00000000000000 
 641.209576583023  9.51913690352906e-06  89.8734032111613  0.00000000000000  0.00000000000000 
 651.628394058664  9.67381006064368e-06  89.8713461803021  0.00000000000000  0.00000000000000 
 662.216503699542  9.83099643630952e-06  89.8692557258619  0.00000000000000  0.00000000000000 
 672.976656282056  9.99073686564139e-06  89.8671313037939  0.00000000000000  0.00000000000000 
 683.911647279125  1.01530728473280e-05  89.8649723630351  0.00000000000000  0.00000000000000 
 695.024317586449  1.03180465551722e-05  89.8627783426156  0.00000000000000  0.00000000000000 
 706.317554260571  1.04857008479934e-05  89.8605486720192  0.00000000000000  0.00000000000000 
 717.794291268926  1.06560792799039e-05  89.8582827718751  0.00000000000000  0.00000000000000 
 729.457510252087  1.08292261139656e-05  89.8559800547190  0.00000000000000  0.00000000000000 
 741.310241298389  1.10051863315815e-05  89.8536399209566  0.00000000000000  0.00000000000000 
 753.355563731142  1.11840056454569e-05  89.8512617638638  0.00000000000000  0.00000000000000 
 765.596606908632  1.13657305108246e-05  89.8488449642422  0.00000000000000  0.00000000000000 
 778.036551037131  1.15504081378313e-05  89.8463888952598  0.00000000000000  0.00000000000000 
 790.678627997102  1.17380865031650e-05  89.8438929184208  0.00000000000000  0.00000000000000 
 803.526122182843  1.19288143635751e-05  89.8413563851741  0.00000000000000  0.00000000000000 
 816.582371355767  1.21226412677491e-05  89.8387786370805  0.00000000000000  0.00000000000000 
 829.850767511544  1.23196175687180e-05  89.8361590039121  0.00000000000000  0.00000000000000 
 843.334757761343  1.25197944389668e-05  89.8334968053290  0.00000000000000  0.00000000000000 
 857.037845227382  1.27232238813074e-05  89.8307913494186  0.00000000000000  0.00000000000000 
 870.963589953038  1.29299587442475e-05  89.8280419340825  0.00000000000000  0.00000000000000 
 885.115609827736  1.31400527339063e-05  89.8252478441611  0.00000000000000  0.00000000000000 
 899.497581526877  1.33535604300987e-05  89.8224083541201  0.00000000000000  0.00000000000000 
 914.113241467034  1.35705372984181e-05  89.8195227266912  0.00000000000000  0.00000000000000 
 928.966386776660  1.37910397058942e-05  89.8165902115042  0.00000000000000  0.00000000000000 
 944.060876282585  1.40151249357616e-05  89.8136100465046  0.00000000000000  0.00000000000000 
 959.400631512534  1.42428512010979e-05  89.8105814587120  0.00000000000000  0.00000000000000 
 974.989637713924  1.44742776608888e-05  89.8075036602991  0.00000000000000  0.00000000000000 
 990.831944889240  1.47094644367746e-05  89.8043758521708  0.00000000000000  0.00000000000000 
 1006.93166884821  1.49484726246895e-05  89.8011972211251  0.00000000000000  0.00000000000000 
 1023.29299227709  1.51913643146778e-05  89.7979669421336  0.00000000000000  0.00000000000000 
 1039.92016582533  1.54382026055471e-05  89.7946841753790  0.00000000000000  0.00000000000000 
 1056.81750920986  1.56890516207182e-05  89.7913480683122  0.00000000000000  0.00000000000000 
 1073.98941233738  1.59439765250923e-05  89.7879577542338  0.00000000000000  0.00000000000000 
 1091.44033644482  1.62030435428136e-05  89.7845123523590  0.00000000000000  0.00000000000000 
 1109.17481525839  1.64663199740757e-05  89.7810109674825  0.00000000000000  0.00000000000000 
 1127.19745617142  1.67338742115124e-05  89.7774526903872  0.00000000000000  0.00000000000000 
 1145.51294144137  1.70057757592083e-05  89.7738365962215  0.00000000000000  0.00000000000000 
 1164.12602940625  1.72820952513058e-05  89.7701617451273  0.00000000000000  0.00000000000000 
 1183.04155572084  1.75629044681494e-05  89.7664271835556  0.00000000000000  0.00000000000000 
 1202.26443461301  1.78482763560738e-05  89.7626319406079  0.00000000000000  0.00000000000000 
 1221.79966016039  1.81382850482695e-05  89.7587750302566  0.00000000000000  0.00000000000000 
 1241.65230758785  1.84330058802399e-05  89.7548554511129  0.00000000000000  0.00000000000000 
 1261.82753458602  1.87325154119190e-05  89.7508721837633  0.00000000000000  0.00000000000000 
 1282.33058265129  1.90368914470896e-05  89.7468241945916  0.00000000000000  0.00000000000000 
 1303.16677844748  1.93462130541333e-05  89.7427104315065  0.00000000000000  0.00000000000000 
 1324.34153518975  1.96605605842491e-05  89.7385298255027  0.00000000000000  0.00000000000000 
 1345.86035405094  1.99800156952680e-05  89.7342812909772  0.00000000000000  0.00000000000000 
 1367.72882559075  2.03046613705895e-05  89.7299637237889  0.00000000000000  0.00000000000000 
 1389.95263120816  2.06345819423131e-05  89.7255760027632  0.00000000000000  0.00000000000000 
 1412.53754461747  2.09698631116993e-05  89.7211169877021  0.00000000000000  0.00000000000000 
 1435.48943334827  2.13105919733622e-05  89.7165855203555  0.00000000000000  0.00000000000000 
 1458.81426026986  2.16568570349169e-05  89.7119804231422  0.00000000000000  0.00000000000000 
 1482.51808514037  2.20087482431558e-05  89.7073005000722  0.00000000000000  0.00000000000000 
 1506.60706618105  2.23663570045485e-05  89.7025445355332  0.00000000000000  0.00000000000000 
 1531.08746167624  2.27297762120806e-05  89.6977112935563  0.00000000000000  0.00000000000000 
 1555.96563159917  2.30991002657499e-05  89.6927995187334  0.00000000000000  0.00000000000000 
 1581.24803926437  2.34744250998363e-05  89.6878079351023  0.00000000000000  0.00000000000000 
 1606.94125300675  2.38558482072248e-05  89.6827352459830  0.00000000000000  0.00000000000000 
 1633.05194788810  2.42434686629218e-05  89.6775801333635  0.00000000000000  0.00000000000000 
 1659.58690743121  2.46373871524097e-05  89.6723412582447  0.00000000000000  0.00000000000000 
 1686.55302538227  2.50377059960482e-05  89.6670172595499  0.00000000000000  0.00000000000000 
 1713.95730750184  2.54445291758228e-05  89.6616067540059  0.00000000000000  0.00000000000000 
 1741.80687338491  2.58579623628685e-05  89.6561083362647  0.00000000000000  0.00000000000000 
 1770.10895831059  2.62781129442029e-05  89.6505205779641  0.00000000000000  0.00000000000000 
 1798.87091512183  2.67050900517330e-05  89.6448420276592  0.00000000000000  0.00000000000000 
 1828.10021613566  2.71390045884452e-05  89.6390712096693  0.00000000000000  0.00000000000000 
 1857.80445508448  2.75799692598561e-05  89.6332066253271  0.00000000000000  0.00000000000000 
 1887.99134908894  2.80280986002380e-05  89.6272467511923  0.00000000000000  0.00000000000000 
 1918.66874066280  2.84835090058781e-05  89.6211900385705  0.00000000000000  0.00000000000000 
 1949.84459975042  2.89463187619631e-05  89.6150349142773  0.00000000000000  0.00000000000000 
 1981.52702579734  2.94166480737736e-05  89.6087797794134  0.00000000000000  0.00000000000000 
 2013.72424985448  2.98946191011024e-05  89.6024230090526  0.00000000000000  0.00000000000000 
 2046.44463671662  3.03803559847024e-05  89.5959629517534  0.00000000000000  0.00000000000000 
 2079.69668709550  3.08739848831369e-05  89.5893979293973  0.00000000000000  0.00000000000000 
 2113.48903982830  3.13756340030557e-05  89.5827262363775  0.00000000000000  0.00000000000000 
 2147.83047412203  3.18854336321689e-05  89.5759461400096  0.00000000000000  0.00000000000000 
 2182.72991183434  3.24035161743623e-05  89.5690558787605  0.00000000000000  0.00000000000000 
 2218.19641979140  3.29300161836712e-05  89.5620536625534  0.00000000000000  0.00000000000000 
 2254.23921214345  3.34650703975718e-05  89.5549376726135  0.00000000000000  0.00000000000000 
 2290.86765275862  3.40088177749798e-05  89.5477060604160  0.00000000000000  0.00000000000000 
 2328.09125765569  3.45613995307121e-05  89.5403569473688  0.00000000000000  0.00000000000000 
 2365.91969747627  3.51229591711406e-05  89.5328884245401  0.00000000000000  0.00000000000000 
 2404.36279999727  3.56936425340822e-05  89.5252985515767  0.00000000000000  0.00000000000000 
 2443.43055268413  3.62735978234708e-05  89.5175853571565  0.00000000000000  0.00000000000000 
 2483.13310528555  3.68629756498612e-05  89.5097468375219  0.00000000000000  0.00000000000000 
 2523.48077247037  3.74619290693315e-05  89.5017809565265  0.00000000000000  0.00000000000000 
 2564.48403650733  3.80706136206775e-05  89.4936856449507  0.00000000000000  0.00000000000000 
 2606.15354998831  3.86891873700077e-05  89.4854587997594  0.00000000000000  0.00000000000000 
 2648.50013859593  3.93178109470931e-05  89.4770982844690  0.00000000000000  0.00000000000000 
 2691.53480391595  3.99566475897186e-05  89.4686019266178  0.00000000000000  0.00000000000000 
 2735.26872629554  4.06058631854525e-05  89.4599675197416  0.00000000000000  0.00000000000000 
 2779.71326774791  4.12656263138943e-05  89.4511928209742  0.00000000000000  0.00000000000000 
 2824.87997490412  4.19361082901800e-05  89.4422755508706  0.00000000000000  0.00000000000000 
 2870.78058201289  4.26174832105011e-05  89.4332133931419  0.00000000000000  0.00000000000000 
 2917.42701398915  4.33099279965701e-05  89.4240039938843  0.00000000000000  0.00000000000000 
 2964.83138951211  4.40136224400592e-05  89.4146449610643  0.00000000000000  0.00000000000000 
 3013.00602417367  4.47287492507769e-05  89.4051338634707  0.00000000000000  0.00000000000000 
 3061.96343367799  4.54554941033847e-05  89.3954682307633  0.00000000000000  0.00000000000000 
 3111.71633709310  4.61940456854013e-05  89.3856455523935  0.00000000000000  0.00000000000000 
 3162.27766015522  4.69445957442709e-05  89.3756632767845  0.00000000000000  0.00000000000000 
 3213.66053862692  4.77073391403980e-05  89.3655188112359  0.00000000000000  0.00000000000000 
 3265.87832170972  4.84824738944433e-05  89.3552095208424  0.00000000000000  0.00000000000000 
 3318.94457551222  4.92702012388633e-05  89.3447327279030  0.00000000000000  0.00000000000000 
 3372.87308657455  5.00707256717251e-05  89.3340857109870  0.00000000000000  0.00000000000000 
 3427.67786545010  5.08842550074068e-05  89.3232657049619  0.00000000000000  0.00000000000000 
 3483.37315034546  5.17110004309355e-05  89.3122698994381  0.00000000000000  0.00000000000000 
 3539.97341081942  5.25511765533276e-05  89.3010954384503  0.00000000000000  0.00000000000000 
 3597.49335154222  5.34050014646687e-05  89.2897394196208  0.00000000000000  0.00000000000000 
 3655.94791611577  5.42726967927901e-05  89.2781988935024  0.00000000000000  0.00000000000000 
 3715.35229095596  5.51544877596365e-05  89.2664708628458  0.00000000000000  0.00000000000000 
 3775.72190923811  5.60506032382459e-05  89.2545522815197  0.00000000000000  0.00000000000000 
 3837.07245490645  5.69612758123974e-05  89.2424400541711  0.00000000000000  0.00000000000000 
 3899.41986674880  5.78867418379660e-05  89.2301310349867  0.00000000000000  0.00000000000000 
 3962.78034253745  5.88272415012970e-05  89.2176220271036  0.00000000000000  0.00000000000000 
 4027.17034323734  5.97830188818911e-05  89.2049097819381  0.00000000000000  0.00000000000000 
 4092.60659728254  6.07543220166218e-05  89.1919909979283  0.00000000000000  0.00000000000000 
 4159.10610492234  6.17414029617715e-05  89.1788623199601  0.00000000000000  0.00000000000000 
 4226.68614263781  6.27445178577246e-05  89.1655203385933  0.00000000000000  0.00000000000000 
 4295.36426763033  6.37639269968464e-05  89.1519615888672  0.00000000000000  0.00000000000000 
 4365.15832238277  6.47998948887323e-05  89.1381825497715  0.00000000000000  0.00000000000000 
 4436.08643929510  6.58526903275753e-05  89.1241796428414  0.00000000000000  0.00000000000000 
 4508.16704539503  6.69225864633604e-05  89.1099492317649  0.00000000000000  0.00000000000000 
 4581.41886712540  6.80098608696140e-05  89.0954876210305  0.00000000000000  0.00000000000000 
 4655.86093520930  6.91147956161510e-05  89.0807910554270  0.00000000000000  0.00000000000000 
 4731.51258959414  7.02376773419921e-05  89.0658557184224  0.00000000000000  0.00000000000000 
 4808.39348447625  7.13787973257980e-05  89.0506777318504  0.00000000000000  0.00000000000000 
 4886.52359340691  7.25384515643867e-05  89.0352531542934  0.00000000000000  0.00000000000000 
 4965.92321448155  7.37169408453497e-05  89.0195779806827  0.00000000000000  0.00000000000000 
 5046.61297561307  7.49145708266510e-05  89.0036481407716  0.00000000000000  0.00000000000000 
 5128.61383989104  7.61316521123139e-05  88.9874594981869  0.00000000000000  0.00000000000000 
 5211.94711102779  7.73685003344996e-05  88.9710078496377  0.00000000000000  0.00000000000000 
 5296.63443889314  7.86254362311641e-05  88.9542889234867  0.00000000000000  0.00000000000000 
 5382.69782513902  7.99027857314328e-05  88.9372983788625  0.00000000000000  0.00000000000000 
 5470.15962891541  8.12008800355858e-05  88.9200318042789  0.00000000000000  0.00000000000000 
 5559.04257267930  8.25200557025346e-05  88.9024847169438  0.00000000000000  0.00000000000000 
 5649.36974809783  8.38606547320574e-05  88.8846525611247  0.00000000000000  0.00000000000000 
 5741.16462204763  8.52230246566445e-05  88.8665307071919  0.00000000000000  0.00000000000000 
 5834.45104271133  8.66075186251485e-05  88.8481144505518  0.00000000000000  0.00000000000000 
 5929.25324577341  8.80144954966963e-05  88.8293990101794  0.00000000000000  0.00000000000000 
 6025.59586071651  8.94443199291035e-05  88.8103795275648  0.00000000000000  0.00000000000000 
 6123.50391722018  9.08973624735738e-05  88.7910510652930  0.00000000000000  0.00000000000000 
 6223.00285166354  9.23739996672907e-05  88.7714086059127  0.00000000000000  0.00000000000000 
 6324.11851373363  9.38746141303613e-05  88.7514470506049  0.00000000000000  0.00000000000000 
 6426.87717314112  9.53995946618482e-05  88.7311612179406  0.00000000000000  0.00000000000000 
 6531.30552644511  9.69493363386080e-05  88.7105458423282  0.00000000000000  0.00000000000000 
 6637.43070398894  9.85242406156099e-05  88.6895955729341  0.00000000000000  0.00000000000000 
 6745.28027694852  0.000100124715427035  88.6683049719309  0.00000000000000  0.00000000000000 
 6854.88226449537  0.000101751175290044  88.6466685136745  0.00000000000000  0.00000000000000 
 6966.26514107588  0.000103404041408673  88.6246805825746  0.00000000000000  0.00000000000000 
 7079.45784380899  0.000105083741780916  88.6023354723362  0.00000000000000  0.00000000000000 
 7194.48978000402  0.000106790711305961  88.5796273839236  0.00000000000000  0.00000000000000 
 7311.39083480060  0.000108525391893843  88.5565504244440  0.00000000000000  0.00000000000000 
 7430.19137893284  0.000110288232577161  88.5330986054678  0.00000000000000  0.00000000000000 
 7550.92227661954  0.000112079689622846  88.5092658414058  0.00000000000000  0.00000000000000 
 7673.61489358276  0.000113900226648309  88.4850459482915  0.00000000000000  0.00000000000000 
 7798.30110519651  0.000115750314735369  88.4604326418280  0.00000000000000  0.00000000000000 
 7925.01330476800  0.000117630432551385  88.4354195358395  0.00000000000000  0.00000000000000 
 8053.78441195329  0.000119541066465129  88.4100001408418  0.00000000000000  0.00000000000000 
 8184.64788130984  0.000121482710671579  88.3841678621449  0.00000000000000  0.00000000000000 
 8317.63771098797  0.000123455867314267  88.3579159982040  0.00000000000000  0.00000000000000 
 8452.78845156345  0.000125461046608778  88.3312377391142  0.00000000000000  0.00000000000000 
 8590.13521501380  0.000127498766971621  88.3041261645129  0.00000000000000  0.00000000000000 
 8729.71368384023  0.000129569555148466  88.2765742421864  0.00000000000000  0.00000000000000 
 8871.56012033799  0.000131673946344912  88.2485748258092  0.00000000000000  0.00000000000000 
 9015.71137601719  0.000133812484357993  88.2201206536824  0.00000000000000  0.00000000000000 
 9162.20490117686  0.000135985721712333  88.1912043463633  0.00000000000000  0.00000000000000 
 9311.07875463439  0.000138194219795139  88.1618184050657  0.00000000000000  0.00000000000000 
 9462.37161361322  0.000140438548994969  88.1319552096725  0.00000000000000  0.00000000000000 
 9616.12278379114  0.000142719288842743  88.1016070167646  0.00000000000000  0.00000000000000 
 9772.37220951177  0.000145037028152951  88.0707659576402  0.00000000000000  0.00000000000000 
 9931.16048416217  0.000147392365168294  88.0394240364195  0.00000000000000  0.00000000000000 
 10092.5288607188  0.000149785907706982  88.0075731278443  0.00000000000000  0.00000000000000 
 10256.5192624652  0.000152218273309056  87.9752049752864  0.00000000000000  0.00000000000000 
 10423.1742938833  0.000154690089389481  87.9423111886590  0.00000000000000  0.00000000000000 
 10592.5372517222  0.000157201993386963  87.9088832422145  0.00000000000000  0.00000000000000 
 10764.6521362468  0.000159754632922852  87.8749124725099  0.00000000000000  0.00000000000000 
 10939.5636626684  0.000162348665954744  87.8403900760423  0.00000000000000  0.00000000000000 
 11117.3172727625  0.000164984760935430  87.8053071071703  0.00000000000000  0.00000000000000 
 11297.9591466736  0.000167663596976125  87.7696544756721  0.00000000000000  0.00000000000000 
 11481.5362149134  0.000170385864006412  87.7334229446087  0.00000000000000  0.00000000000000 
 11668.0961705532  0.000173152262941673  87.6966031278312  0.00000000000000  0.00000000000000 
 11857.6874816142  0.000175963505849388  87.6591854877730  0.00000000000000  0.00000000000000 
 12050.3594036595  0.000178820316119378  87.6211603328591  0.00000000000000  0.00000000000000 
 12246.1619925910  0.000181723428633732  87.5825178152280  0.00000000000000  0.00000000000000 
 12445.1461176533  0.000184673589944471  87.5432479280668  0.00000000000000  0.00000000000000 
 12647.3634746499  0.000187671558444622  87.5033405032997  0.00000000000000  0.00000000000000 
 12852.8665993734  0.000190718104550911  87.4627852088144  0.00000000000000  0.00000000000000 
 13061.7088812545  0.000193814010881192  87.4215715459673  0.00000000000000  0.00000000000000 
 13273.9445772324  0.000196960072438194  87.3796888469465  0.00000000000000  0.00000000000000 
 13489.6288258503  0.000200157096796101  87.3371262721170  0.00000000000000  0.00000000000000 
 13708.8176615811  0.000203405904284143  87.2938728071753  0.00000000000000  0.00000000000000 
 13931.5680293844  0.000206707328178248  87.2499172605557  0.00000000000000  0.00000000000000 
 14157.9377995010  0.000210062214891658  87.2052482605280  0.00000000000000  0.00000000000000 
 14387.9857824873  0.000213471424170018  87.1598542523888  0.00000000000000  0.00000000000000 
 14621.7717444948  0.000216935829284337  87.1137234954760  0.00000000000000  0.00000000000000 
 14859.3564227964  0.000220456317230846  87.0668440604338  0.00000000000000  0.00000000000000 
 15100.8015415665  0.000224033788931754  87.0192038261014  0.00000000000000  0.00000000000000 
 15346.1698279166  0.000227669159435436  86.9707904765590  0.00000000000000  0.00000000000000 
 15595.5250281918  0.000231363358122101  86.9215914979727  0.00000000000000  0.00000000000000 
 15848.9319245320  0.000235117328909288  86.8715941756763  0.00000000000000  0.00000000000000 
 16106.4563517022  0.000238932030461435  86.8207855908128  0.00000000000000  0.00000000000000 
 16368.1652141961  0.000242808436400334  86.7691526173066  0.00000000000000  0.00000000000000 
 16634.1265036182  0.000246747535514674  86.7166819185470  0.00000000000000  0.00000000000000 
 16904.4093163477  0.000250750331978594  86.6633599441126  0.00000000000000  0.00000000000000 
 17179.0838714894  0.000254817845565727  86.6091729265001  0.00000000000000  0.00000000000000 
 17458.2215291170  0.000258951111866676  86.5541068775638  0.00000000000000  0.00000000000000 
 17741.8948088121  0.000263151182511594  86.4981475853974  0.00000000000000  0.00000000000000 
 18030.1774085045  0.000267419125388596  86.4412806105620  0.00000000000000  0.00000000000000 
 18323.1442236193  0.000271756024870208  86.3834912827313  0.00000000000000  0.00000000000000 
 18620.8713665342  0.000276162982035051  86.3247646970794  0.00000000000000  0.00000000000000 
 18923.4361863536  0.000280641114898731  86.2650857106248  0.00000000000000  0.00000000000000 
 19230.9172890037  0.000285191558637859  86.2044389386332  0.00000000000000  0.00000000000000 
 19543.3945576543  0.000289815465821495  86.1428087508675  0.00000000000000  0.00000000000000 
 19860.9491734723  0.000294514006642281  86.0801792678326  0.00000000000000  0.00000000000000 
 20183.6636367123  0.000299288369147100  86.0165343568498  0.00000000000000  0.00000000000000 
 20511.6217881506  0.000304139759470420  85.9518576284045  0.00000000000000  0.00000000000000 
 20844.9088308659  0.000309069402069343  85.8861324320009  0.00000000000000  0.00000000000000 
 21183.6113523761  0.000314078539958171  85.8193418523268  0.00000000000000  0.00000000000000 
 21527.8173471329  0.000319168434943392  85.7514687052108  0.00000000000000  0.00000000000000 
 21877.6162393827  0.000324340367859506  85.6824955335146  0.00000000000000  0.00000000000000 
 22233.0989063992  0.000329595638808802  85.6124046029973  0.00000000000000  0.00000000000000 
 22594.3577020929  0.000334935567394412  85.5411778982087  0.00000000000000  0.00000000000000 
 22961.4864810046  0.000340361492960690  85.4687971182054  0.00000000000000  0.00000000000000 
 23334.5806226889  0.000345874774828738  85.3952436722560  0.00000000000000  0.00000000000000 
 23713.7370564933  0.000351476792533430  85.3204986755664  0.00000000000000  0.00000000000000 
 24099.0542867404  0.000357168946061296  85.2445429448169  0.00000000000000  0.00000000000000 
 24490.6324183197  0.000362952656084061  85.1673569937987  0.00000000000000  0.00000000000000 
 24888.5731826939  0.000368829364195312  85.0889210289004  0.00000000000000  0.00000000000000 
 25292.9799643291  0.000374800533145709  85.0092149445100  0.00000000000000  0.00000000000000 
 25703.9578275539  0.000380867647071276  84.9282183185159  0.00000000000000  0.00000000000000 
 26121.6135438549  0.000387032211729149  84.8459104076148  0.00000000000000  0.00000000000000 
 26546.0556196159  0.000393295754723866  84.7622701426256  0.00000000000000  0.00000000000000 
 26977.3943243071  0.000399659825734279  84.6772761236929  0.00000000000000  0.00000000000000 
 27415.7417191343  0.000406125996738366  84.5909066155810  0.00000000000000  0.00000000000000 
 27861.2116861505  0.000412695862234889  84.5031395427950  0.00000000000000  0.00000000000000 
 28313.9199578440  0.000419371039460501  84.4139524846406  0.00000000000000  0.00000000000000 
 28773.9841472042  0.000426153168605841  84.3233226703349  0.00000000000000  0.00000000000000 
 29241.5237782782  0.000433043913024419  84.2312269740054  0.00000000000000  0.00000000000000 
 29716.6603172223  0.000440044959439696  84.1376419096138  0.00000000000000  0.00000000000000 
 30199.5172038594  0.000447158018145994  84.0425436259627  0.00000000000000  0.00000000000000 
 30690.2198837480  0.000454384823203167  83.9459079014564  0.00000000000000  0.00000000000000 
 31188.8958407728  0.000461727132629645  83.8477101390113  0.00000000000000  0.00000000000000 
 31695.6746302654  0.000469186728582443  83.7479253607861  0.00000000000000  0.00000000000000 
 32210.6879126618  0.000476765417536898  83.6465282029669  0.00000000000000  0.00000000000000 
 32734.0694877082  0.000484465030453170  83.5434929104395  0.00000000000000  0.00000000000000 
 33265.9553292217  0.000492287422939057  83.4387933314753  0.00000000000000  0.00000000000000 
 33806.4836204162  0.000500234475402197  83.3324029123597  0.00000000000000  0.00000000000000 
 34355.7947898022  0.000508308093192581  83.2242946919478  0.00000000000000  0.00000000000000 
 34914.0315476701  0.000516510206735279  83.1144412962741  0.00000000000000  0.00000000000000 
 35481.3389231657  0.000524842771652079  83.0028149330445  0.00000000000000  0.00000000000000 
 36057.8643019690  0.000533307768871090  82.8893873861596  0.00000000000000  0.00000000000000 
 36643.7574645846  0.000541907204727642  82.7741300101775  0.00000000000000  0.00000000000000 
 37239.1706252546  0.000550643111044173  82.6570137247520  0.00000000000000  0.00000000000000 
 37844.2584715035  0.000559517545202536  82.5380090090713  0.00000000000000  0.00000000000000 
 38459.1782043258  0.000568532590199465  82.4170858962997  0.00000000000000  0.00000000000000 
 39084.0895790269  0.000577690354683851  82.2942139679022  0.00000000000000  0.00000000000000 
 39719.1549467269  0.000586992972977516  82.1693623480874  0.00000000000000  0.00000000000000 
 40364.5392965396  0.000596442605080452  82.0424996981692  0.00000000000000  0.00000000000000 
 41020.4102984358  0.000606041436651230  81.9135942109226  0.00000000000000  0.00000000000000 
 41686.9383468047  0.000615791678971146  81.7826136049617  0.00000000000000  0.00000000000000 
 42364.2966047212  0.000625695568886052  81.6495251191503  0.00000000000000  0.00000000000000 
 43052.6610489340  0.000635755368720569  81.5142955069068  0.00000000000000  0.00000000000000 
 43752.2105155839  0.000645973366171926  81.3768910307071  0.00000000000000  0.00000000000000 
 44463.1267466652  0.000656351874177698  81.2372774564204  0.00000000000000  0.00000000000000 
 45185.5944372423  0.000666893230751048  81.0954200477738  0.00000000000000  0.00000000000000 
 45919.8012834324  0.000677599798793309  80.9512835608408  0.00000000000000  0.00000000000000 
 46665.9380311699  0.000688473965868901  80.8048322385455  0.00000000000000  0.00000000000000 
 47424.1985257610  0.000699518143953171  80.6560298051805  0.00000000000000  0.00000000000000 
 48194.7797622445  0.000710734769143372  80.5048394610769  0.00000000000000  0.00000000000000 
 48977.8819365717  0.000722126301330369  80.3512238771885  0.00000000000000  0.00000000000000 
 49773.7084976158  0.000733695223836629  80.1951451898640  0.00000000000000  0.00000000000000 
 50582.4662000287  0.000745444043012115  80.0365649956097  0.00000000000000  0.00000000000000 
 51404.3651579548  0.000757375287785534  79.8754443460132  0.00000000000000  0.00000000000000 
 52239.6188996191  0.000769491509173143  79.7117437426620  0.00000000000000  0.00000000000000 
 53088.4444228007  0.000781795279738540  79.5454231322288  0.00000000000000  0.00000000000000 
 53951.0622512094  0.000794289193004191  79.3764419016526  0.00000000000000  0.00000000000000 
 54827.6964917766  0.000806975862809144  79.2047588734413  0.00000000000000  0.00000000000000 
 55718.5748928787  0.000819857922613299  79.0303323011041  0.00000000000000  0.00000000000000 
 56623.9289035055  0.000832938024742925  78.8531198646714  0.00000000000000  0.00000000000000 
 57543.9937333902  0.000846218839575203  78.6730786665036  0.00000000000000  0.00000000000000 
 58479.0084141168  0.000859703054661209  78.4901652271196  0.00000000000000  0.00000000000000 
 59429.2158612201  0.000873393373779578  78.3043354812985  0.00000000000000  0.00000000000000 
 60394.8629372949  0.000887292515922390  78.1155447743687  0.00000000000000  0.00000000000000 
 61376.2005161301  0.000901403214207380  77.9237478586525  0.00000000000000  0.00000000000000 
 62373.4835478865  0.000915728214710742  77.7288988901818  0.00000000000000  0.00000000000000 
 63386.9711253310  0.000930270275225341  77.5309514256821  0.00000000000000  0.00000000000000 
 64416.9265511496  0.000945032163928092  77.3298584197354  0.00000000000000  0.00000000000000 
 65463.6174063529  0.000960016657964554  77.1255722223003  0.00000000000000  0.00000000000000 
 66527.3156197928  0.000975226541938948  76.9180445764697  0.00000000000000  0.00000000000000 
 67608.2975388101  0.000990664606309878  76.7072266165851  0.00000000000000  0.00000000000000 
 68706.8440010282  0.00100633364568279  76.4930688666549  0.00000000000000  0.00000000000000 
 69823.2404073152  0.00102223645699992  76.2755212391603  0.00000000000000  0.00000000000000 
 70957.7767959298  0.00103837583762323  76.0545330342136  0.00000000000000  0.00000000000000 
 72110.7479178737  0.00105475458329703  75.8300529391264  0.00000000000000  0.00000000000000 
 73282.4533134668  0.00107137548599606  75.6020290284288  0.00000000000000  0.00000000000000 
 74473.1973901677  0.00108824133165033  75.3704087642949  0.00000000000000  0.00000000000000 
 75683.2895016587  0.00110535489773784  75.1351389974998  0.00000000000000  0.00000000000000 
 76913.0440282144  0.00112271895074635  74.8961659688435  0.00000000000000  0.00000000000000 
 78162.7804583785  0.00114033624349257  74.6534353111204  0.00000000000000  0.00000000000000 
 79432.8234719656  0.00115820951229648  74.4068920516813  0.00000000000000  0.00000000000000 
 80723.5030244131  0.00117634147400922  74.1564806155382  0.00000000000000  0.00000000000000 
 82035.1544325027  0.00119473482287604  73.9021448291633  0.00000000000000  0.00000000000000 
 83368.1184614759  0.00121339222724560  73.6438279248854  0.00000000000000  0.00000000000000 
 84722.7414135634  0.00123231632610375  73.3814725460424  0.00000000000000  0.00000000000000 
 86099.3752179551  0.00125150972543647  73.1150207528226  0.00000000000000  0.00000000000000 
 87498.3775222298  0.00127097499441042  72.8444140289088  0.00000000000000  0.00000000000000 
 88920.1117852719  0.00129071466136539  72.5695932889274  0.00000000000000  0.00000000000000 
 90364.9473716980  0.00131073120961570  72.2904988867190  0.00000000000000  0.00000000000000 
 91833.2596478164  0.00133102707304716  72.0070706245583  0.00000000000000  0.00000000000000 
 93325.4300791479  0.00135160463151153  71.7192477632612  0.00000000000000  0.00000000000000 
 94841.8463295287  0.00137246620600514  71.4269690332860  0.00000000000000  0.00000000000000 
 96382.9023618262  0.00139361405362859  71.1301726469078  0.00000000000000  0.00000000000000 
 97948.9985402889  0.00141505036231819  70.8287963113817  0.00000000000000  0.00000000000000 
 99540.5417345615  0.00143677724534843  70.5227772433053  0.00000000000000  0.00000000000000 
 101157.945425388  0.00145879673558970  70.2120521841487  0.00000000000000  0.00000000000000 
 102801.629812035  0.00148111077952346  69.8965574169658  0.00000000000000  0.00000000000000 
 104472.021921457  0.00150372123100586  69.5762287844492  0.00000000000000  0.00000000000000 
 106169.555719238  0.00152662984476865  69.2510017082676  0.00000000000000  0.00000000000000 
 107894.672222338  0.00154983826965996  68.9208112098536  0.00000000000000  0.00000000000000 
 109647.819613662  0.00157334804161362  68.5855919325864  0.00000000000000  0.00000000000000 
 111429.453358505  0.00159716057634037  68.2452781655479  0.00000000000000  0.00000000000000 
 113240.036322875  0.00162127716174171  67.8998038687934  0.00000000000000  0.00000000000000 
 115080.038893751  0.00164569895003496  67.5491027003043  0.00000000000000  0.00000000000000 
 116949.939101283  0.00167042694958838  67.1931080446164  0.00000000000000  0.00000000000000 
 118850.222742985  0.00169546201646458  66.8317530432127  0.00000000000000  0.00000000000000 
 120781.383509949  0.00172080484566104  66.4649706267566  0.00000000000000  0.00000000000000 
 122743.923115098  0.00174645596205380  66.0926935492174  0.00000000000000  0.00000000000000 
 124738.351423539  0.00177241571103508  65.7148544239524  0.00000000000000  0.00000000000000 
 126765.186585016  0.00179868424884967  65.3313857618220  0.00000000000000  0.00000000000000 
 128824.955168531  0.00182526153262002  64.9422200114191  0.00000000000000  0.00000000000000 
 130918.192299144  0.00185214731007329  64.5472896014587  0.00000000000000  0.00000000000000 
 133045.441796999  0.00187934110895554  64.1465269853890  0.00000000000000  0.00000000000000 
 135207.256318603  0.00190684222615138  63.7398646883543  0.00000000000000  0.00000000000000 
 137404.197500413  0.00193464971649872  63.3272353564808  0.00000000000000  0.00000000000000 
 139636.836104740  0.00196276238131252  62.9085718086548  0.00000000000000  0.00000000000000 
 141905.752168040  0.00199117875661868  62.4838070908004  0.00000000000000  0.00000000000000 
 144211.535151603  0.00201989710110623  62.0528745327115  0.00000000000000  0.00000000000000 
 146554.784094691  0.00204891538380652  61.6157078075832  0.00000000000000  0.00000000000000 
 148936.107770176  0.00207823127151342  61.1722409942061  0.00000000000000  0.00000000000000 
 151356.124842689  0.00210784211595057  60.7224086419583  0.00000000000000  0.00000000000000 
 153815.464029355  0.00213774494070775  60.2661458386237  0.00000000000000  0.00000000000000 
 156314.764263131  0.00216793642795350  59.8033882811029  0.00000000000000  0.00000000000000 
 158854.674858796  0.00219841290495238  59.3340723490629  0.00000000000000  0.00000000000000 
 161435.855681650  0.00222917033040112  58.8581351815793  0.00000000000000  0.00000000000000 
 164058.977318937  0.00226020428060961  58.3755147568238  0.00000000000000  0.00000000000000 
 166724.721254072  0.00229150993555238  57.8861499748256  0.00000000000000  0.00000000000000 
 169433.780043680  0.00232308206481977  57.3899807433424  0.00000000000000  0.00000000000000 
 172186.857497529  0.00235491501349739  56.8869480668819  0.00000000000000  0.00000000000000 
 174984.668861375  0.00238700268801282  56.3769941388890  0.00000000000000  0.00000000000000 
 177827.941002783  0.00241933854198697  55.8600624371124  0.00000000000000  0.00000000000000 
 180717.412599964  0.00245191556212368  55.3360978221612  0.00000000000000  0.00000000000000 
 183653.834333686  0.00248472625419075  54.8050466392464  0.00000000000000  0.00000000000000 
 186637.969082298  0.00251776262913526  54.2668568231011  0.00000000000000  0.00000000000000 
 189670.592119925  0.00255101618938583  53.7214780060546  0.00000000000000  0.00000000000000 
 192752.491317883  0.00258447791539244  53.1688616292278  0.00000000000000  0.00000000000000 
 195884.467349367  0.00261813825246748  52.6089610568108  0.00000000000000  0.00000000000000 
 199067.333897465  0.00265198709798905  52.0417316933573  0.00000000000000  0.00000000000000 
 202301.917866551  0.00268601378902296  51.4671311040304  0.00000000000000  0.00000000000000 
 205589.059597116  0.00272020709044954  50.8851191377122  0.00000000000000  0.00000000000000 
 208929.613084083  0.00275455518365012  50.2956580528787  0.00000000000000  0.00000000000000 
 212324.446198678  0.00278904565584178  49.6987126461190  0.00000000000000  0.00000000000000 
 215774.440913899  0.00282366549013444  49.0942503831674  0.00000000000000  0.00000000000000 
 219280.493533653  0.00285840105639566  48.4822415322931  0.00000000000000  0.00000000000000 
 222843.514925614  0.00289323810300843  47.8626592998830  0.00000000000000  0.00000000000000 
 226464.430757865  0.00292816174961049  47.2354799680136  0.00000000000000  0.00000000000000 
 230144.181739384  0.00296315648091157  46.6006830338123  0.00000000000000  0.00000000000000 
 233883.723864443  0.00299820614167580  45.9582513503694  0.00000000000000  0.00000000000000 
 237684.028660969  0.00303329393297222  45.3081712689449  0.00000000000000  0.00000000000000 
 241546.083442949  0.00306840240979198  44.6504327821987  0.00000000000000  0.00000000000000 
 245470.891566931  0.00310351348012418  43.9850296681390  0.00000000000000  0.00000000000000 
 249459.472692696  0.00313860840560194  43.3119596344539  0.00000000000000  0.00000000000000 
 253512.863048163  0.00317366780381128  42.6312244629158  0.00000000000000  0.00000000000000 
 257632.115698601  0.00320867165236525  41.9428301534294  0.00000000000000  0.00000000000000 
 261818.300820213  0.00324359929484815  41.2467870673816  0.00000000000000  0.00000000000000 
 266072.505978166  0.00327842944871752  40.5431100698468  0.00000000000000  0.00000000000000 
 270395.836409139  0.00331314021527016  39.8318186702032  0.00000000000000  0.00000000000000 
 274789.415308464  0.00334770909175635  39.1129371606978  0.00000000000000  0.00000000000000 
 279254.384121927  0.00338211298573527  38.3864947524877  0.00000000000000  0.00000000000000 
 283791.902842317  0.00341632823175167  37.6525257086095  0.00000000000000  0.00000000000000 
 288403.150310789  0.00345033061041194  36.9110694733838  0.00000000000000  0.00000000000000 
 293089.324523128  0.00348409536993032  36.1621707976808  0.00000000000000  0.00000000000000 
 297851.642940982  0.00351759725020741  35.4058798594842  0.00000000000000  0.00000000000000 
 302691.342808159  0.00355081050949033  34.6422523791741  0.00000000000000  0.00000000000000 
 307609.681472065  0.00358370895366419  33.8713497289164  0.00000000000000  0.00000000000000 
 312607.936710354  0.00361626596820103  33.0932390355706  0.00000000000000  0.00000000000000 
 317687.407062900  0.00364845455278747  32.3079932764697  0.00000000000000  0.00000000000000 
 322849.412169150  0.00368024735863967  31.5156913674700  0.00000000000000  0.00000000000000 
 328095.293110968  0.00371161672849476  30.7164182426246  0.00000000000000  0.00000000000000 
 333426.412761047  0.00374253473925791  29.9102649248655  0.00000000000000  0.00000000000000 
 338844.156136976  0.00377297324726451  29.0973285870579  0.00000000000000  0.00000000000000 
 344349.930761073  0.00380290393610610  28.2777126028200  0.00000000000000  0.00000000000000 
 349945.167026052  0.00383229836693833  27.4515265864937  0.00000000000000  0.00000000000000 
 355631.318566639  0.00386112803118943  26.6188864216804  0.00000000000000  0.00000000000000 
 361409.862637226  0.00388936440555187  25.7799142777787  0.00000000000000  0.00000000000000 
 367282.300495656  0.00391697900913156  24.9347386139702  0.00000000000000  0.00000000000000 
 373250.157793249  0.00394394346260617  24.0834941701438  0.00000000000000  0.00000000000000 
 379314.984971167  0.00397022954922489  23.2263219442819  0.00000000000000  0.00000000000000 
 385478.357663213  0.00399580927746061  22.3633691558572  0.00000000000000  0.00000000000000 
 391741.877105179  0.00402065494511649  21.4947891948588  0.00000000000000  0.00000000000000 
 398107.170550848  0.00404473920465672  20.6207415560814  0.00000000000000  0.00000000000000 
 404575.891694747  0.00406803512952152  19.7413917583993  0.00000000000000  0.00000000000000 
 411149.721101779  0.00409051628117682  18.8569112487692  0.00000000000000  0.00000000000000 
 417830.366643830  0.00411215677661406  17.9674772908042  0.00000000000000  0.00000000000000 
 424619.563943473  0.00413293135602862  17.0732728377893  0.00000000000000  0.00000000000000 
 431519.076824876  0.00415281545036261  16.1744863901112  0.00000000000000  0.00000000000000 
 438530.697772045  0.00417178524841749  15.2713118371204  0.00000000000000  0.00000000000000 
 445656.248394512  0.00418981776321005  14.3639482835347  0.00000000000000  0.00000000000000 
 452897.579900577  0.00420689089725340  13.4525998605656  0.00000000000000  0.00000000000000 
 460256.573578259  0.00422298350643068  12.5374755220212  0.00000000000000  0.00000000000000 
 467735.141284046  0.00423807546213694  11.6187888257286  0.00000000000000  0.00000000000000 
 475335.225939599  0.00425214771135855  10.6967577006889  0.00000000000000  0.00000000000000 
 483058.802036509  0.00426518233436526  9.77160420046453  0.00000000000000  0.00000000000000 
 490907.876149283  0.00427716259969956  8.84355424336990  0.00000000000000  0.00000000000000 
 498884.487456635  0.00428807301615217  7.91283734012163  0.00000000000000  0.00000000000000 
 506990.708271267  0.00429789938142752  6.97968630966961  0.00000000000000  0.00000000000000 
 515228.644578259  0.00430662882721615  6.04433698400696  0.00000000000000  0.00000000000000 
 523600.436582191  0.00431424986040993  5.10702790282388  0.00000000000000  0.00000000000000 
 532108.259263174  0.00432075240021383  4.16799999893093  0.00000000000000  0.00000000000000 
 540754.322941897  0.00432612781093017  3.22749627543949  0.00000000000000  0.00000000000000 
 549540.873853876  0.00433036893021638  2.28576147573128  0.00000000000000  0.00000000000000 
 558470.194733016  0.00433347009264295  1.34304174730854  0.00000000000000  0.00000000000000 
 567544.605404666  0.00433542714840523  0.399584300640365  0.00000000000000  0.00000000000000 
 576766.463388303  0.00433623747707499 -0.544362935834078  0.00000000000000  0.00000000000000 
 586138.164510011  0.00433589999630207 -1.48855166336666  0.00000000000000  0.00000000000000 
 595662.143524923  0.00433441516541696 -2.43273356202860  0.00000000000000  0.00000000000000 
 605340.874749754  0.00433178498390542 -3.37666064009504  0.00000000000000  0.00000000000000 
 615176.872705636  0.00432801298477185 -4.32008558247999  0.00000000000000  0.00000000000000 
 625172.692771379  0.00432310422282556 -5.26276209701552  0.00000000000000  0.00000000000000 
 635330.931847363  0.00431706525797022 -6.20444525739025  0.00000000000000  0.00000000000000 
 645654.229030197  0.00430990413359363 -7.14489184157581  0.00000000000000  0.00000000000000 
 656145.266298370  0.00430163035019816 -8.08386066460810  0.00000000000000  0.00000000000000 
 666806.769209008  0.00429225483442889 -9.02111290462020  0.00000000000000  0.00000000000000 
 677641.507605979  0.00428178990369169 -9.95641242107214  0.00000000000000  0.00000000000000 
 688652.296339499  0.00427024922657394 -10.8895260641689  0.00000000000000  0.00000000000000 
 699841.995997412  0.00425764777930665 -11.8202239745168  0.00000000000000  0.00000000000000 
 711213.513648383  0.00424400179852080 -12.7482798721258  0.00000000000000  0.00000000000000 
 722769.803597138  0.00422932873058200 -13.6734713339382  0.00000000000000  0.00000000000000 
 734513.868151995  0.00421364717778597 -14.5955800591219  0.00000000000000  0.00000000000000 
 746448.758404856  0.00419697684172477 -15.5143921214536  0.00000000000000  0.00000000000000 
 758577.575023883  0.00417933846413772 -16.4296982081822  0.00000000000000  0.00000000000000 
 770903.469059036  0.00416075376556654 -17.3412938448426  0.00000000000000  0.00000000000000 
 783429.642760724  0.00414124538214501 -18.2489796055768  0.00000000000000  0.00000000000000 
 796159.350411736  0.00412083680084874 -19.1525613085849  0.00000000000000  0.00000000000000 
 809095.899172702  0.00409955229353689 -20.0518501964211  0.00000000000000  0.00000000000000 
 822242.649941292  0.00407741685010934 -20.9466631009204  0.00000000000000  0.00000000000000 
 835603.018225367  0.00405445611109907 -21.8368225926220  0.00000000000000  0.00000000000000 
 849180.475030331  0.00403069630001374 -22.7221571146309  0.00000000000000  0.00000000000000 
 862978.547760882  0.00400616415572849 -23.6025011009303  0.00000000000000  0.00000000000000 
 877000.821137441  0.00398088686522116 -24.4776950792314  0.00000000000000  0.00000000000000 
 891250.938127443  0.00395489199692817 -25.3475857585087  0.00000000000000  0.00000000000000 
 905732.600891788  0.00392820743498365 -26.2120261014352  0.00000000000000  0.00000000000000 
 920449.571746648  0.00390086131459139 -27.0708753819933  0.00000000000000  0.00000000000000 
 935405.674140914  0.00387288195875678 -27.9239992285836  0.00000000000000  0.00000000000000 
 950604.793649529  0.00384429781659370 -28.7712696530168  0.00000000000000  0.00000000000000 
 966050.878982942  0.00381513740339941 -29.6125650658069  0.00000000000000  0.00000000000000 
 981747.943012994  0.00378542924267184 -30.4477702782313  0.00000000000000  0.00000000000000 
 997700.063815440  0.00375520181022774 -31.2767764916628  0.00000000000000  0.00000000000000 
 1013911.38572944  0.00372448348055441 -32.0994812747022  0.00000000000000  0.00000000000000 
 1030386.12043425  0.00369330247551668 -32.9157885286723  0.00000000000000  0.00000000000000 
 1047128.54804341  0.00366168681551538 -33.7256084420576  0.00000000000000  0.00000000000000 
 1064143.01821670  0.00362966427317884 -34.5288574344840  0.00000000000000  0.00000000000000 
 1081433.95129018  0.00359726232965047 -35.3254580908579  0.00000000000000  0.00000000000000 
 1099005.83942463  0.00356450813351714 -36.1153390862826  0.00000000000000  0.00000000000000 
 1116863.24777253  0.00353142846240812 -36.8984351023814  0.00000000000000  0.00000000000000 
 1135010.81566415  0.00349804968727831 -37.6746867356579  0.00000000000000  0.00000000000000 
 1153453.25781278  0.00346439773937518 -38.4440403985187  0.00000000000000  0.00000000000000 
 1172195.36553968  0.00343049807987415 -39.2064482135840  0.00000000000000  0.00000000000000 
 1191242.00801877  0.00339637567215651 -39.9618679018978  0.00000000000000  0.00000000000000 
 1210598.13354173  0.00336205495669003 -40.7102626656453  0.00000000000000  0.00000000000000 
 1230268.77080348  0.00332755982846443 -41.4516010659644  0.00000000000000  0.00000000000000 
 1250259.03020866  0.00329291361692234 -42.1858568964316  0.00000000000000  0.00000000000000 
 1270574.10519933  0.00325813906831857 -42.9130090527764  0.00000000000000  0.00000000000000 
 1291219.27360416  0.00322325833043465 -43.6330413993673  0.00000000000000  0.00000000000000 
 1312199.89900966  0.00318829293956620 -44.3459426329878  0.00000000000000  0.00000000000000 
 1333521.43215362  0.00315326380969834 -45.0517061444007  0.00000000000000  0.00000000000000 
 1355189.41234116  0.00311819122377798 -45.7503298781778  0.00000000000000  0.00000000000000 
 1377209.46888390  0.00308309482698837 -46.4418161912462  0.00000000000000  0.00000000000000 
 1399587.32256240  0.00304799362192989 -47.1261717105843  0.00000000000000  0.00000000000000 
 1422328.78711242  0.00301290596560728 -47.8034071904690  0.00000000000000  0.00000000000000 
 1445439.77073535  0.00297784956812328 -48.4735373696584  0.00000000000000  0.00000000000000 
 1468926.27763310  0.00294284149297792 -49.1365808288701  0.00000000000000  0.00000000000000 
 1492794.40956804  0.00290789815887311 -49.7925598488847  0.00000000000000  0.00000000000000 
 1517050.36744819  0.00287303534292134 -50.4415002695864  0.00000000000000  0.00000000000000 
 1541700.45293822  0.00283826818516068 -51.0834313502291  0.00000000000000  0.00000000000000 
 1566751.07009662  0.00280361119427768 -51.7183856311938  0.00000000000000  0.00000000000000 
 1592208.72703943  0.00276907825444335 -52.3463987974741  0.00000000000000  0.00000000000000 
 1618080.03763113  0.00273468263316869 -52.9675095441168  0.00000000000000  0.00000000000000 
 1644371.72320279  0.00270043699008910 -53.5817594438135  0.00000000000000  0.00000000000000 
 1671090.61429835  0.00266635338659141 -54.1891928168243  0.00000000000000  0.00000000000000 
 1698243.65244917  0.00263244329619667 -54.7898566033965  0.00000000000000  0.00000000000000 
 1725837.89197741  0.00259871761562005 -55.3838002388154  0.00000000000000  0.00000000000000 
 1753880.50182875  0.00256518667642856 -55.9710755312175  0.00000000000000  0.00000000000000 
 1782378.76743485  0.00253186025722298 -56.5517365422698  0.00000000000000  0.00000000000000 
 1811340.09260613  0.00249874759627297 -57.1258394708088  0.00000000000000  0.00000000000000 
 1840772.00145525  0.00246585740453918 -57.6934425395194  0.00000000000000  0.00000000000000 
 1870682.14035186  0.00243319787901849 -58.2546058847105  0.00000000000000  0.00000000000000 
 1901078.27990912  0.00240077671635279 -58.8093914492444  0.00000000000000  0.00000000000000 
 1931968.31700249  0.00236860112664589 -59.3578628786517  0.00000000000000  0.00000000000000 
 1963360.27682137  0.00233667784743518 -59.9000854204629  0.00000000000000  0.00000000000000 
 1995262.31495394  0.00230501315777028 -60.4361258267702  0.00000000000000  0.00000000000000 
 2027682.71950609  0.00227361289235242 -60.9660522600229  0.00000000000000  0.00000000000000 
 2060629.91325454  0.00224248245569266 -61.4899342020607  0.00000000000000  0.00000000000000 
 2094112.45583516  0.00221162683625031 -62.0078423663628  0.00000000000000  0.00000000000000 
 2128139.04596671  0.00218105062051551 -62.5198486135046  0.00000000000000  0.00000000000000 
 2162718.52371074  0.00215075800700334 -63.0260258697874  0.00000000000000  0.00000000000000 
 2197859.87276826  0.00212075282012977 -63.5264480490136  0.00000000000000  0.00000000000000 
 2233572.22281368  0.00209103852394218 -64.0211899773694  0.00000000000000  0.00000000000000 
 2269864.85186668  0.00206161823568009 -64.5103273213694  0.00000000000000  0.00000000000000 
 2306747.18870263  0.00203249473914432 -64.9939365188170  0.00000000000000  0.00000000000000 
 2344228.81530218  0.00200367049785478 -65.4720947127315  0.00000000000000  0.00000000000000 
 2382319.46934063  0.00197514766797957 -65.9448796881844  0.00000000000000  0.00000000000000 
 2421029.04671781  0.00194692811102077 -66.4123698119868  0.00000000000000  0.00000000000000 
 2460367.60412894  0.00191901340624277 -66.8746439751698  0.00000000000000  0.00000000000000 
 2500345.36167742  0.00189140486283267 -67.3317815381956  0.00000000000000  0.00000000000000 
 2540972.70552997  0.00186410353178256 -67.7838622788300  0.00000000000000  0.00000000000000 
 2582260.19061492  0.00183711021748617 -68.2309663426188  0.00000000000000  0.00000000000000 
 2624218.54336443  0.00181042548904307 -68.6731741958933  0.00000000000000  0.00000000000000 
 2666858.66450111  0.00178404969126542 -69.1105665812425  0.00000000000000  0.00000000000000 
 2710191.63187012  0.00175798295538388 -69.5432244753834  0.00000000000000  0.00000000000000 
 2754228.70331709  0.00173222520944950 -69.9712290493568  0.00000000000000  0.00000000000000 
 2798981.31961292  0.00170677618843059 -70.3946616309853  0.00000000000000  0.00000000000000 
 2844461.10742610  0.00168163544400390 -70.8136036695237  0.00000000000000  0.00000000000000 
 2890679.88234328  0.00165680235404051 -71.2281367024304  0.00000000000000  0.00000000000000 
 2937649.65193895  0.00163227613178785 -71.6383423241979  0.00000000000000  0.00000000000000 
 2985382.61889499  0.00160805583474969 -72.0443021571723  0.00000000000000  0.00000000000000 
 3033891.18417090  0.00158414037326698 -72.4460978242946  0.00000000000000  0.00000000000000 
 3083187.95022558  0.00156052851880257 -72.8438109237030  0.00000000000000  0.00000000000000 
 3133285.72429140  0.00153721891193401 -73.2375230051284  0.00000000000000  0.00000000000000 
 3184197.52170152  0.00151421007005846 -73.6273155480223  0.00000000000000  0.00000000000000 
 3235936.56927125  0.00149150039481452 -74.0132699413535  0.00000000000000  0.00000000000000 
 3288516.30873436  0.00146908817922625 -74.3954674650153  0.00000000000000  0.00000000000000 
 3341950.40023523  0.00144697161457446 -74.7739892727840  0.00000000000000  0.00000000000000 
 3396252.72587773  0.00142514879700146 -75.1489163767689  0.00000000000000  0.00000000000000 
 3451437.39333175  0.00140361773385467 -75.5203296332994  0.00000000000000  0.00000000000000 
 3507518.73949840  0.00138237634977562 -75.8883097301945  0.00000000000000  0.00000000000000 
 3564511.33423469  0.00136142249254037 -76.2529371753602  0.00000000000000  0.00000000000000 
 3622429.98413875  0.00134075393865783 -76.6142922866647  0.00000000000000  0.00000000000000 
 3681289.73639659  0.00132036839873248 -76.9724551830382  0.00000000000000  0.00000000000000 
 3741105.88269131  0.00130026352259786 -77.3275057767533  0.00000000000000  0.00000000000000 
 3801893.96317588  0.00128043690422770 -77.6795237668336  0.00000000000000  0.00000000000000 
 3863669.77051045  0.00126088608643098 -78.0285886335485  0.00000000000000  0.00000000000000 
 3926449.35396523  0.00124160856533761 -78.3747796339486  0.00000000000000  0.00000000000000 
 3990249.02359012  0.00122260179468135 -78.7181757983979  0.00000000000000  0.00000000000000 
 4055085.35445200  0.00120386318988632 -79.0588559280650  0.00000000000000  0.00000000000000 
 4120975.19094091  0.00118539013196370 -79.3968985933295  0.00000000000000  0.00000000000000 
 4187935.65114623  0.00116717997122480 -79.7323821330687  0.00000000000000  0.00000000000000 
 4255984.13130390  0.00114923003081703 -80.0653846547843  0.00000000000000  0.00000000000000 
 4325138.31031598  0.00113153761008864 -80.3959840355384  0.00000000000000  0.00000000000000 
 4395416.15434354  0.00111409998778863 -80.7242579236590  0.00000000000000  0.00000000000000 
 4466835.92147433  0.00109691442510760 -81.0502837411877  0.00000000000000  0.00000000000000 
 4539416.16646612  0.00107997816856541 -81.3741386870338  0.00000000000000  0.00000000000000 
 4613175.74556726  0.00106328845275143 -81.6958997408079  0.00000000000000  0.00000000000000 
 4688133.82141549  0.00104684250292302 -82.0156436673033  0.00000000000000  0.00000000000000 
 4764309.86801635  0.00103063753746743 -82.3334470216012  0.00000000000000  0.00000000000000 
 4841723.67580253  0.00101467077023291 -82.6493861547686  0.00000000000000  0.00000000000000 
 4920395.35677538  0.000998939412733770 -82.9635372201279  0.00000000000000  0.00000000000000 
 5000345.34972998  0.000983440676234594 -83.2759761800713  0.00000000000000  0.00000000000000 
 5081594.42556511  0.000968171773718687 -83.5867788133983  0.00000000000000  0.00000000000000 
 5164163.69267951  0.000953129921745199 -83.8960207231534  0.00000000000000  0.00000000000000 
 5248074.60245581  0.000938312342199823 -84.2037773449438  0.00000000000000  0.00000000000000 
 5333348.95483357  0.000923716263943338 -84.5101239557170  0.00000000000000  0.00000000000000 
 5420008.90397287  0.000909338924362491 -84.8151356829786  0.00000000000000  0.00000000000000 
 5508076.96400991  0.000895177570827342 -85.1188875144332  0.00000000000000  0.00000000000000 
 5597576.01490622  0.000881229462059095 -85.4214543080308  0.00000000000000  0.00000000000000 
 5688529.30839275  0.000867491869412440 -85.7229108024018  0.00000000000000  0.00000000000000 
 5780960.47401073  0.000853962078076133 -86.0233316276671  0.00000000000000  0.00000000000000 
 5874893.52525050  0.000840637388195466 -86.3227913166069  0.00000000000000  0.00000000000000 
 5970352.86579029  0.000827515115920196 -86.6213643161743  0.00000000000000  0.00000000000000 
 6067363.29583614  0.000814592594381303 -86.9191249993421  0.00000000000000  0.00000000000000 
 6165950.01856507  0.000801867174599886 -87.2161476772705  0.00000000000000  0.00000000000000 
 6266138.64667274  0.000789336226331342 -87.5125066117813  0.00000000000000  0.00000000000000 
 6367955.20902767  0.000776997138847842 -87.8082760281322  0.00000000000000  0.00000000000000 
 6471426.15743345  0.000764847321662099 -88.1035301280765  0.00000000000000  0.00000000000000 
 6576578.37350092  0.000752884205195155 -88.3983431032028  0.00000000000000  0.00000000000000 
 6683439.17563194  0.000741105241390978 -88.6927891485418  0.00000000000000  0.00000000000000 
 6792036.32611670  0.000729507904280387 -88.9869424764349  0.00000000000000  0.00000000000000 
 6902398.03834632  0.000718089690496861 -89.2808773306553  0.00000000000000  0.00000000000000 
 7014552.98414264  0.000706848119746607 -89.5746680007738  0.00000000000000  0.00000000000000 
 7128530.30120714  0.000695780735235166 -89.8683888367660  0.00000000000000  0.00000000000000 
 7244359.60069085  0.000684885104052801 -90.1621142638483  0.00000000000000  0.00000000000000 
 7362070.97488728  0.000674158817520754 -90.4559187975446  0.00000000000000  0.00000000000000 
 7481695.00505043  0.000663599491500387 -90.7498770589727  0.00000000000000  0.00000000000000 
 7603262.76933964  0.000653204766667214 -91.0440637903478  0.00000000000000  0.00000000000000 
 7726805.85089378  0.000642972308751580 -91.3385538706993  0.00000000000000  0.00000000000000 
 7852356.34603637  0.000632899808747884 -91.6334223317958  0.00000000000000  0.00000000000000 
 7979946.87261431  0.000622984983093949 -91.9287443742759  0.00000000000000  0.00000000000000 
 8109610.57847182  0.000613225573822252 -92.2245953839801  0.00000000000000  0.00000000000000 
 8241381.15006229  0.000603619348684496 -92.5210509484837  0.00000000000000  0.00000000000000 
 8375292.82119993  0.000594164101251115 -92.8181868738251  0.00000000000000  0.00000000000000 
 8511380.38195367  0.000584857650987029 -93.1160792014301  0.00000000000000  0.00000000000000 
 8649679.18768563  0.000575697843305117 -93.4148042252299  0.00000000000000  0.00000000000000 
 8790225.16823630  0.000566682549598626 -93.7144385089700  0.00000000000000  0.00000000000000 
 8933054.83725915  0.000557809667253825 -94.0150589037112  0.00000000000000  0.00000000000000 
 9078205.30170680  0.000549077119644048 -94.3167425655208  0.00000000000000  0.00000000000000 
 9225714.27147127  0.000540482856106310 -94.6195669733532  0.00000000000000  0.00000000000000 
 9375620.06918111  0.000532024851901516 -94.9236099471210  0.00000000000000  0.00000000000000 
 9527961.64015751  0.000523701108159367 -95.2289496659549  0.00000000000000  0.00000000000000 
 9682778.56253211  0.000515509651808912 -95.5356646866560  0.00000000000000  0.00000000000000 
 9840111.05752956  0.000507448535495682 -95.8438339623367  0.00000000000000  0.00000000000000 
 10000000.0000000  0.000499515837482269 -96.1535368614164  0.00000000000000  0.00000000000000 
