% Finesse pre-2.1.0 (pre-2.1.0-214-gb47a545), 29.12.2015
% 2D plot, y1axis: Abs 
% phi [deg] (EM), pdtrans

-10.0000000000000  0.000231520383584988 
-9.80000000000000  0.000240932840616239 
-9.60000000000000  0.000250936588972641 
-9.40000000000000  0.000261582135039002 
-9.20000000000000  0.000272925487116009 
-9.00000000000000  0.000285028889466281 
-8.80000000000000  0.000297961673014552 
-8.60000000000000  0.000311801244341783 
-8.40000000000000  0.000326634239227292 
-8.20000000000000  0.000342557872724845 
-8.00000000000000  0.000359681524912296 
-7.80000000000000  0.000378128610426931 
-7.60000000000000  0.000398038791210662 
-7.40000000000000  0.000419570606227915 
-7.20000000000000  0.000442904610197168 
-7.00000000000000  0.000468247136815137 
-6.80000000000000  0.000495834832194415 
-6.60000000000000  0.000525940143510743 
-6.40000000000000  0.000558877999213783 
-6.20000000000000  0.000595013984797243 
-6.00000000000000  0.000634774407891769 
-5.80000000000000  0.000678658766530235 
-5.60000000000000  0.000727255296440733 
-5.40000000000000  0.000781260493738117 
-5.20000000000000  0.000841503812385766 
-5.00000000000000  0.000908979156320116 
-4.80000000000000  0.000984885375967886 
-4.60000000000000  0.00107067881557037 
-4.40000000000000  0.00116814215883627 
-4.20000000000000  0.00127947556675726 
-4.00000000000000  0.00140741867499286 
-3.80000000000000  0.00155541586594211 
-3.60000000000000  0.00172784307204656 
-3.40000000000000  0.00193032338052069 
-3.20000000000000  0.00217017286005873 
-3.00000000000000  0.00245704065159853 
-2.80000000000000  0.00280384422177198 
-2.60000000000000  0.00322816190877458 
-2.40000000000000  0.00375434861213247 
-2.20000000000000  0.00441681940871893 
-2.00000000000000  0.00526525913056993 
-1.80000000000000  0.00637306784771645 
-1.60000000000000  0.00785131171789070 
-1.40000000000000  0.00987201265551682 
-1.20000000000000  0.0127066069584961 
-1.00000000000000  0.0167851134673936 
-0.799999999999999  0.0227637187194962 
-0.600000000000000  0.0314872989633130 
-0.399999999999999  0.0433556500036952 
-0.199999999999999  0.0560268046682940 
 0.00000000000000  0.0620741855297585 
 0.200000000000001  0.0560268046682939 
 0.400000000000000  0.0433556500036950 
 0.600000000000001  0.0314872989633129 
 0.800000000000001  0.0227637187194961 
 1.00000000000000  0.0167851134673936 
 1.20000000000000  0.0127066069584961 
 1.40000000000000  0.00987201265551682 
 1.60000000000000  0.00785131171789068 
 1.80000000000000  0.00637306784771645 
 2.00000000000000  0.00526525913056993 
 2.20000000000000  0.00441681940871892 
 2.40000000000000  0.00375434861213247 
 2.60000000000000  0.00322816190877458 
 2.80000000000000  0.00280384422177198 
 3.00000000000000  0.00245704065159853 
 3.20000000000000  0.00217017286005873 
 3.40000000000000  0.00193032338052069 
 3.60000000000000  0.00172784307204655 
 3.80000000000000  0.00155541586594211 
 4.00000000000000  0.00140741867499286 
 4.20000000000000  0.00127947556675726 
 4.40000000000000  0.00116814215883627 
 4.60000000000000  0.00107067881557037 
 4.80000000000000  0.000984885375967885 
 5.00000000000000  0.000908979156320116 
 5.20000000000000  0.000841503812385766 
 5.40000000000000  0.000781260493738117 
 5.60000000000000  0.000727255296440733 
 5.80000000000000  0.000678658766530234 
 6.00000000000000  0.000634774407891769 
 6.20000000000000  0.000595013984797243 
 6.40000000000000  0.000558877999213783 
 6.60000000000000  0.000525940143510743 
 6.80000000000000  0.000495834832194415 
 7.00000000000000  0.000468247136815137 
 7.20000000000000  0.000442904610197168 
 7.40000000000000  0.000419570606227915 
 7.60000000000000  0.000398038791210662 
 7.80000000000000  0.000378128610426931 
 8.00000000000000  0.000359681524912296 
 8.20000000000000  0.000342557872724845 
 8.40000000000000  0.000326634239227292 
 8.60000000000000  0.000311801244341783 
 8.80000000000000  0.000297961673014552 
 9.00000000000000  0.000285028889466281 
 9.20000000000000  0.000272925487116008 
 9.40000000000000  0.000261582135039002 
 9.60000000000000  0.000250936588972641 
 9.80000000000000  0.000240932840616239 
 10.0000000000000  0.000231520383584988 
